2023-10-25T17:13:02.850+0530 [DEBUG] [org.gradle.launcher.daemon.bootstrap.DaemonMain] Assuming the daemon was started with following jvm opts: [--add-opens=java.base/java.util=ALL-UNNAMED, --add-opens=java.base/java.lang=ALL-UNNAMED, --add-opens=java.base/java.lang.invoke=ALL-UNNAMED, --add-opens=java.prefs/java.util.prefs=ALL-UNNAMED, --add-opens=java.base/java.nio.charset=ALL-UNNAMED, --add-opens=java.base/java.net=ALL-UNNAMED, --add-opens=java.base/java.util.concurrent.atomic=ALL-UNNAMED, -Xmx2048m, -Dfile.encoding=UTF-8, -Duser.country=IN, -Duser.language=en, -Duser.variant]
2023-10-25T17:13:03.006+0530 [DEBUG] [org.gradle.internal.nativeintegration.services.NativeServices] Native-platform posix files integration is not available. Continuing with fallback.
2023-10-25T17:13:03.020+0530 [INFO] [org.gradle.launcher.daemon.server.Daemon] start() called on daemon - DefaultDaemonContext[uid=95b82cfa-3779-4512-ac62-c97c534c6864,javaHome=C:\Users\HP\.jdks\openjdk-21.0.1,daemonRegistryDir=C:\Users\HP\AndroidStudioProjects\soundlyspotify\app\src\main\res\drawable\daemon,pid=9156,idleTimeout=10800000,priority=NORMAL,daemonOpts=--add-opens=java.base/java.util=ALL-UNNAMED,--add-opens=java.base/java.lang=ALL-UNNAMED,--add-opens=java.base/java.lang.invoke=ALL-UNNAMED,--add-opens=java.prefs/java.util.prefs=ALL-UNNAMED,--add-opens=java.base/java.nio.charset=ALL-UNNAMED,--add-opens=java.base/java.net=ALL-UNNAMED,--add-opens=java.base/java.util.concurrent.atomic=ALL-UNNAMED,-Xmx2048m,-Dfile.encoding=UTF-8,-Duser.country=IN,-Duser.language=en,-Duser.variant]
2023-10-25T17:13:03.146+0530 [DEBUG] [org.gradle.internal.remote.internal.inet.InetAddresses] Adding IP addresses for network interface WAN Miniport (IP)-WFP Native MAC Layer LightWeight Filter-0000
2023-10-25T17:13:03.147+0530 [DEBUG] [org.gradle.internal.remote.internal.inet.InetAddresses] Is this a loopback interface? false
2023-10-25T17:13:03.147+0530 [DEBUG] [org.gradle.internal.remote.internal.inet.InetAddresses] Adding IP addresses for network interface WAN Miniport (IP)-QoS Packet Scheduler-0000
2023-10-25T17:13:03.147+0530 [DEBUG] [org.gradle.internal.remote.internal.inet.InetAddresses] Is this a loopback interface? false
2023-10-25T17:13:03.147+0530 [DEBUG] [org.gradle.internal.remote.internal.inet.InetAddresses] Adding IP addresses for network interface WAN Miniport (IPv6)-WFP Native MAC Layer LightWeight Filter-0000
2023-10-25T17:13:03.148+0530 [DEBUG] [org.gradle.internal.remote.internal.inet.InetAddresses] Is this a loopback interface? false
2023-10-25T17:13:03.148+0530 [DEBUG] [org.gradle.internal.remote.internal.inet.InetAddresses] Adding IP addresses for network interface WAN Miniport (IPv6)-QoS Packet Scheduler-0000
2023-10-25T17:13:03.148+0530 [DEBUG] [org.gradle.internal.remote.internal.inet.InetAddresses] Is this a loopback interface? false
2023-10-25T17:13:03.148+0530 [DEBUG] [org.gradle.internal.remote.internal.inet.InetAddresses] Adding IP addresses for network interface WAN Miniport (Network Monitor)-WFP Native MAC Layer LightWeight Filter-0000
2023-10-25T17:13:03.148+0530 [DEBUG] [org.gradle.internal.remote.internal.inet.InetAddresses] Is this a loopback interface? false
2023-10-25T17:13:03.149+0530 [DEBUG] [org.gradle.internal.remote.internal.inet.InetAddresses] Adding IP addresses for network interface WAN Miniport (Network Monitor)-QoS Packet Scheduler-0000
2023-10-25T17:13:03.149+0530 [DEBUG] [org.gradle.internal.remote.internal.inet.InetAddresses] Is this a loopback interface? false
2023-10-25T17:13:03.149+0530 [DEBUG] [org.gradle.internal.remote.internal.inet.InetAddresses] Adding IP addresses for network interface Microsoft Kernel Debug Network Adapter
2023-10-25T17:13:03.149+0530 [DEBUG] [org.gradle.internal.remote.internal.inet.InetAddresses] Is this a loopback interface? false
2023-10-25T17:13:03.149+0530 [DEBUG] [org.gradle.internal.remote.internal.inet.InetAddresses] Adding IP addresses for network interface Bluetooth Device (Personal Area Network)
2023-10-25T17:13:03.150+0530 [DEBUG] [org.gradle.internal.remote.internal.inet.InetAddresses] Is this a loopback interface? false
2023-10-25T17:13:03.150+0530 [DEBUG] [org.gradle.internal.remote.internal.inet.InetAddresses] Adding remote address /fe80:0:0:0:962:a7d2:29f6:2a66%ethernet_32769
2023-10-25T17:13:03.150+0530 [DEBUG] [org.gradle.internal.remote.internal.inet.InetAddresses] Adding IP addresses for network interface Realtek USB GbE Family Controller
2023-10-25T17:13:03.151+0530 [DEBUG] [org.gradle.internal.remote.internal.inet.InetAddresses] Is this a loopback interface? false
2023-10-25T17:13:03.151+0530 [DEBUG] [org.gradle.internal.remote.internal.inet.InetAddresses] Adding IP addresses for network interface WAN Miniport (IP)
2023-10-25T17:13:03.151+0530 [DEBUG] [org.gradle.internal.remote.internal.inet.InetAddresses] Is this a loopback interface? false
2023-10-25T17:13:03.151+0530 [DEBUG] [org.gradle.internal.remote.internal.inet.InetAddresses] Adding IP addresses for network interface WAN Miniport (IPv6)
2023-10-25T17:13:03.152+0530 [DEBUG] [org.gradle.internal.remote.internal.inet.InetAddresses] Is this a loopback interface? false
2023-10-25T17:13:03.152+0530 [DEBUG] [org.gradle.internal.remote.internal.inet.InetAddresses] Adding IP addresses for network interface WAN Miniport (Network Monitor)
2023-10-25T17:13:03.152+0530 [DEBUG] [org.gradle.internal.remote.internal.inet.InetAddresses] Is this a loopback interface? false
2023-10-25T17:13:03.152+0530 [DEBUG] [org.gradle.internal.remote.internal.inet.InetAddresses] Adding IP addresses for network interface Remote NDIS based Internet Sharing Device
2023-10-25T17:13:03.152+0530 [DEBUG] [org.gradle.internal.remote.internal.inet.InetAddresses] Is this a loopback interface? false
2023-10-25T17:13:03.153+0530 [DEBUG] [org.gradle.internal.remote.internal.inet.InetAddresses] Adding IP addresses for network interface VMware Virtual Ethernet Adapter for VMnet1
2023-10-25T17:13:03.153+0530 [DEBUG] [org.gradle.internal.remote.internal.inet.InetAddresses] Is this a loopback interface? false
2023-10-25T17:13:03.153+0530 [DEBUG] [org.gradle.internal.remote.internal.inet.InetAddresses] Adding remote address /fe80:0:0:0:ddac:5cb1:9bba:16b1%ethernet_32776
2023-10-25T17:13:03.153+0530 [DEBUG] [org.gradle.internal.remote.internal.inet.InetAddresses] Adding remote address /192.168.74.1
2023-10-25T17:13:03.153+0530 [DEBUG] [org.gradle.internal.remote.internal.inet.InetAddresses] Adding IP addresses for network interface VMware Virtual Ethernet Adapter for VMnet8
2023-10-25T17:13:03.154+0530 [DEBUG] [org.gradle.internal.remote.internal.inet.InetAddresses] Is this a loopback interface? false
2023-10-25T17:13:03.154+0530 [DEBUG] [org.gradle.internal.remote.internal.inet.InetAddresses] Adding remote address /fe80:0:0:0:5f1d:a1e4:3e09:77d7%ethernet_32777
2023-10-25T17:13:03.154+0530 [DEBUG] [org.gradle.internal.remote.internal.inet.InetAddresses] Adding remote address /192.168.152.1
2023-10-25T17:13:03.154+0530 [DEBUG] [org.gradle.internal.remote.internal.inet.InetAddresses] Adding IP addresses for network interface WAN Miniport (PPPOE)
2023-10-25T17:13:03.155+0530 [DEBUG] [org.gradle.internal.remote.internal.inet.InetAddresses] Is this a loopback interface? false
2023-10-25T17:13:03.155+0530 [DEBUG] [org.gradle.internal.remote.internal.inet.InetAddresses] Adding IP addresses for network interface Software Loopback Interface 1
2023-10-25T17:13:03.155+0530 [DEBUG] [org.gradle.internal.remote.internal.inet.InetAddresses] Is this a loopback interface? true
2023-10-25T17:13:03.155+0530 [DEBUG] [org.gradle.internal.remote.internal.inet.InetAddresses] Adding loopback address /0:0:0:0:0:0:0:1
2023-10-25T17:13:03.156+0530 [DEBUG] [org.gradle.internal.remote.internal.inet.InetAddresses] Adding loopback address /127.0.0.1
2023-10-25T17:13:03.156+0530 [DEBUG] [org.gradle.internal.remote.internal.inet.InetAddresses] Adding IP addresses for network interface Realtek RTL8822CE 802.11ac PCIe Adapter-WFP Native MAC Layer LightWeight Filter-0000
2023-10-25T17:13:03.156+0530 [DEBUG] [org.gradle.internal.remote.internal.inet.InetAddresses] Is this a loopback interface? false
2023-10-25T17:13:03.156+0530 [DEBUG] [org.gradle.internal.remote.internal.inet.InetAddresses] Adding IP addresses for network interface Realtek RTL8822CE 802.11ac PCIe Adapter-Virtual WiFi Filter Driver-0000
2023-10-25T17:13:03.157+0530 [DEBUG] [org.gradle.internal.remote.internal.inet.InetAddresses] Is this a loopback interface? false
2023-10-25T17:13:03.157+0530 [DEBUG] [org.gradle.internal.remote.internal.inet.InetAddresses] Adding IP addresses for network interface Realtek RTL8822CE 802.11ac PCIe Adapter-Native WiFi Filter Driver-0000
2023-10-25T17:13:03.157+0530 [DEBUG] [org.gradle.internal.remote.internal.inet.InetAddresses] Is this a loopback interface? false
2023-10-25T17:13:03.158+0530 [DEBUG] [org.gradle.internal.remote.internal.inet.InetAddresses] Adding IP addresses for network interface Realtek RTL8822CE 802.11ac PCIe Adapter-QoS Packet Scheduler-0000
2023-10-25T17:13:03.158+0530 [DEBUG] [org.gradle.internal.remote.internal.inet.InetAddresses] Is this a loopback interface? false
2023-10-25T17:13:03.158+0530 [DEBUG] [org.gradle.internal.remote.internal.inet.InetAddresses] Adding IP addresses for network interface Realtek RTL8822CE 802.11ac PCIe Adapter-WFP 802.3 MAC Layer LightWeight Filter-0000
2023-10-25T17:13:03.158+0530 [DEBUG] [org.gradle.internal.remote.internal.inet.InetAddresses] Is this a loopback interface? false
2023-10-25T17:13:03.158+0530 [DEBUG] [org.gradle.internal.remote.internal.inet.InetAddresses] Adding IP addresses for network interface Microsoft Wi-Fi Direct Virtual Adapter-WFP Native MAC Layer LightWeight Filter-0000
2023-10-25T17:13:03.159+0530 [DEBUG] [org.gradle.internal.remote.internal.inet.InetAddresses] Is this a loopback interface? false
2023-10-25T17:13:03.159+0530 [DEBUG] [org.gradle.internal.remote.internal.inet.InetAddresses] Adding IP addresses for network interface Microsoft Wi-Fi Direct Virtual Adapter-Native WiFi Filter Driver-0000
2023-10-25T17:13:03.159+0530 [DEBUG] [org.gradle.internal.remote.internal.inet.InetAddresses] Is this a loopback interface? false
2023-10-25T17:13:03.160+0530 [DEBUG] [org.gradle.internal.remote.internal.inet.InetAddresses] Adding IP addresses for network interface Microsoft Wi-Fi Direct Virtual Adapter-QoS Packet Scheduler-0000
2023-10-25T17:13:03.160+0530 [DEBUG] [org.gradle.internal.remote.internal.inet.InetAddresses] Is this a loopback interface? false
2023-10-25T17:13:03.160+0530 [DEBUG] [org.gradle.internal.remote.internal.inet.InetAddresses] Adding IP addresses for network interface Microsoft Wi-Fi Direct Virtual Adapter-WFP 802.3 MAC Layer LightWeight Filter-0000
2023-10-25T17:13:03.160+0530 [DEBUG] [org.gradle.internal.remote.internal.inet.InetAddresses] Is this a loopback interface? false
2023-10-25T17:13:03.161+0530 [DEBUG] [org.gradle.internal.remote.internal.inet.InetAddresses] Adding IP addresses for network interface Microsoft Wi-Fi Direct Virtual Adapter #2-WFP Native MAC Layer LightWeight Filter-0000
2023-10-25T17:13:03.162+0530 [DEBUG] [org.gradle.internal.remote.internal.inet.InetAddresses] Is this a loopback interface? false
2023-10-25T17:13:03.162+0530 [DEBUG] [org.gradle.internal.remote.internal.inet.InetAddresses] Adding IP addresses for network interface Microsoft Wi-Fi Direct Virtual Adapter #2-Native WiFi Filter Driver-0000
2023-10-25T17:13:03.163+0530 [DEBUG] [org.gradle.internal.remote.internal.inet.InetAddresses] Is this a loopback interface? false
2023-10-25T17:13:03.163+0530 [DEBUG] [org.gradle.internal.remote.internal.inet.InetAddresses] Adding IP addresses for network interface Microsoft Wi-Fi Direct Virtual Adapter #2-QoS Packet Scheduler-0000
2023-10-25T17:13:03.164+0530 [DEBUG] [org.gradle.internal.remote.internal.inet.InetAddresses] Is this a loopback interface? false
2023-10-25T17:13:03.164+0530 [DEBUG] [org.gradle.internal.remote.internal.inet.InetAddresses] Adding IP addresses for network interface Microsoft Wi-Fi Direct Virtual Adapter #2-WFP 802.3 MAC Layer LightWeight Filter-0000
2023-10-25T17:13:03.164+0530 [DEBUG] [org.gradle.internal.remote.internal.inet.InetAddresses] Is this a loopback interface? false
2023-10-25T17:13:03.164+0530 [DEBUG] [org.gradle.internal.remote.internal.inet.InetAddresses] Adding IP addresses for network interface Realtek RTL8822CE 802.11ac PCIe Adapter
2023-10-25T17:13:03.164+0530 [DEBUG] [org.gradle.internal.remote.internal.inet.InetAddresses] Is this a loopback interface? false
2023-10-25T17:13:03.165+0530 [DEBUG] [org.gradle.internal.remote.internal.inet.InetAddresses] Adding remote address /fe80:0:0:0:f974:7733:15cc:4a15%wireless_32768
2023-10-25T17:13:03.165+0530 [DEBUG] [org.gradle.internal.remote.internal.inet.InetAddresses] Adding remote address /10.10.145.47
2023-10-25T17:13:03.165+0530 [DEBUG] [org.gradle.internal.remote.internal.inet.InetAddresses] Adding IP addresses for network interface Microsoft Wi-Fi Direct Virtual Adapter
2023-10-25T17:13:03.165+0530 [DEBUG] [org.gradle.internal.remote.internal.inet.InetAddresses] Is this a loopback interface? false
2023-10-25T17:13:03.165+0530 [DEBUG] [org.gradle.internal.remote.internal.inet.InetAddresses] Adding remote address /fe80:0:0:0:d154:5fed:b194:4ed4%wireless_32769
2023-10-25T17:13:03.165+0530 [DEBUG] [org.gradle.internal.remote.internal.inet.InetAddresses] Adding IP addresses for network interface Microsoft Wi-Fi Direct Virtual Adapter #2
2023-10-25T17:13:03.166+0530 [DEBUG] [org.gradle.internal.remote.internal.inet.InetAddresses] Is this a loopback interface? false
2023-10-25T17:13:03.166+0530 [DEBUG] [org.gradle.internal.remote.internal.inet.InetAddresses] Adding remote address /fe80:0:0:0:d3b8:98d7:fae6:598d%wireless_32770
2023-10-25T17:13:03.166+0530 [DEBUG] [org.gradle.internal.remote.internal.inet.InetAddresses] Adding IP addresses for network interface Microsoft Teredo Tunneling Adapter
2023-10-25T17:13:03.166+0530 [DEBUG] [org.gradle.internal.remote.internal.inet.InetAddresses] Is this a loopback interface? false
2023-10-25T17:13:03.166+0530 [DEBUG] [org.gradle.internal.remote.internal.inet.InetAddresses] Adding IP addresses for network interface Microsoft IP-HTTPS Platform Adapter
2023-10-25T17:13:03.166+0530 [DEBUG] [org.gradle.internal.remote.internal.inet.InetAddresses] Is this a loopback interface? false
2023-10-25T17:13:03.166+0530 [DEBUG] [org.gradle.internal.remote.internal.inet.InetAddresses] Adding IP addresses for network interface Microsoft 6to4 Adapter
2023-10-25T17:13:03.167+0530 [DEBUG] [org.gradle.internal.remote.internal.inet.InetAddresses] Is this a loopback interface? false
2023-10-25T17:13:03.167+0530 [DEBUG] [org.gradle.internal.remote.internal.inet.InetAddresses] Adding IP addresses for network interface WAN Miniport (SSTP)
2023-10-25T17:13:03.167+0530 [DEBUG] [org.gradle.internal.remote.internal.inet.InetAddresses] Is this a loopback interface? false
2023-10-25T17:13:03.167+0530 [DEBUG] [org.gradle.internal.remote.internal.inet.InetAddresses] Adding IP addresses for network interface WAN Miniport (IKEv2)
2023-10-25T17:13:03.168+0530 [DEBUG] [org.gradle.internal.remote.internal.inet.InetAddresses] Is this a loopback interface? false
2023-10-25T17:13:03.168+0530 [DEBUG] [org.gradle.internal.remote.internal.inet.InetAddresses] Adding IP addresses for network interface WAN Miniport (L2TP)
2023-10-25T17:13:03.168+0530 [DEBUG] [org.gradle.internal.remote.internal.inet.InetAddresses] Is this a loopback interface? false
2023-10-25T17:13:03.168+0530 [DEBUG] [org.gradle.internal.remote.internal.inet.InetAddresses] Adding IP addresses for network interface WAN Miniport (PPTP)
2023-10-25T17:13:03.168+0530 [DEBUG] [org.gradle.internal.remote.internal.inet.InetAddresses] Is this a loopback interface? false
2023-10-25T17:13:03.170+0530 [DEBUG] [org.gradle.internal.remote.internal.inet.TcpIncomingConnector] Listening on [d6067391-75ff-4a61-b9b9-d9b0e49c0cfb port:59398, addresses:[localhost/127.0.0.1]].
2023-10-25T17:13:03.185+0530 [DEBUG] [org.gradle.launcher.daemon.server.Daemon] Daemon starting at: Wed Oct 25 17:13:03 IST 2023, with address: [d6067391-75ff-4a61-b9b9-d9b0e49c0cfb port:59398, addresses:[localhost/127.0.0.1]]
2023-10-25T17:13:03.185+0530 [INFO] [org.gradle.launcher.daemon.server.DaemonRegistryUpdater] Advertising the daemon address to the clients: [d6067391-75ff-4a61-b9b9-d9b0e49c0cfb port:59398, addresses:[localhost/127.0.0.1]]
2023-10-25T17:13:03.186+0530 [DEBUG] [org.gradle.launcher.daemon.server.DaemonRegistryUpdater] Advertised daemon context: DefaultDaemonContext[uid=95b82cfa-3779-4512-ac62-c97c534c6864,javaHome=C:\Users\HP\.jdks\openjdk-21.0.1,daemonRegistryDir=C:\Users\HP\AndroidStudioProjects\soundlyspotify\app\src\main\res\drawable\daemon,pid=9156,idleTimeout=10800000,priority=NORMAL,daemonOpts=--add-opens=java.base/java.util=ALL-UNNAMED,--add-opens=java.base/java.lang=ALL-UNNAMED,--add-opens=java.base/java.lang.invoke=ALL-UNNAMED,--add-opens=java.prefs/java.util.prefs=ALL-UNNAMED,--add-opens=java.base/java.nio.charset=ALL-UNNAMED,--add-opens=java.base/java.net=ALL-UNNAMED,--add-opens=java.base/java.util.concurrent.atomic=ALL-UNNAMED,-Xmx2048m,-Dfile.encoding=UTF-8,-Duser.country=IN,-Duser.language=en,-Duser.variant]
2023-10-25T17:13:03.187+0530 [DEBUG] [org.gradle.launcher.daemon.registry.PersistentDaemonRegistry] Storing daemon address: [d6067391-75ff-4a61-b9b9-d9b0e49c0cfb port:59398, addresses:[localhost/127.0.0.1]], context: DefaultDaemonContext[uid=95b82cfa-3779-4512-ac62-c97c534c6864,javaHome=C:\Users\HP\.jdks\openjdk-21.0.1,daemonRegistryDir=C:\Users\HP\AndroidStudioProjects\soundlyspotify\app\src\main\res\drawable\daemon,pid=9156,idleTimeout=10800000,priority=NORMAL,daemonOpts=--add-opens=java.base/java.util=ALL-UNNAMED,--add-opens=java.base/java.lang=ALL-UNNAMED,--add-opens=java.base/java.lang.invoke=ALL-UNNAMED,--add-opens=java.prefs/java.util.prefs=ALL-UNNAMED,--add-opens=java.base/java.nio.charset=ALL-UNNAMED,--add-opens=java.base/java.net=ALL-UNNAMED,--add-opens=java.base/java.util.concurrent.atomic=ALL-UNNAMED,-Xmx2048m,-Dfile.encoding=UTF-8,-Duser.country=IN,-Duser.language=en,-Duser.variant]
2023-10-25T17:13:03.221+0530 [DEBUG] [org.gradle.cache.internal.DefaultFileLockManager] Waiting to acquire exclusive lock on daemon addresses registry.
2023-10-25T17:13:03.226+0530 [DEBUG] [org.gradle.cache.internal.DefaultFileLockManager] Lock acquired on daemon addresses registry.
2023-10-25T17:13:03.232+0530 [DEBUG] [org.gradle.cache.internal.DefaultFileLockManager] Releasing lock on daemon addresses registry.
2023-10-25T17:13:03.232+0530 [LIFECYCLE] [org.gradle.launcher.daemon.server.Daemon] Daemon server started.
2023-10-25T17:13:03.233+0530 [DEBUG] [org.gradle.launcher.daemon.bootstrap.DaemonStartupCommunication] Completed writing the daemon greeting. Closing streams...
2023-10-25T17:13:03.239+0530 [DEBUG] [org.gradle.launcher.daemon.server.Daemon] stopOnExpiration() called on daemon
2023-10-25T17:13:03.239+0530 [DEBUG] [org.gradle.launcher.daemon.server.Daemon] awaitExpiration() called on daemon
2023-10-25T17:13:03.240+0530 [DEBUG] [org.gradle.launcher.daemon.server.DaemonStateCoordinator] daemon is running. Sleeping until state changes.
2023-10-25T17:13:03.243+0530 [DEBUG] [org.gradle.internal.remote.internal.inet.TcpIncomingConnector] Accepted connection from /127.0.0.1:59399 to /127.0.0.1:59398.
2023-10-25T17:13:03.333+0530 [DEBUG] [org.gradle.launcher.daemon.server.SynchronizedDispatchConnection] thread 40: received class org.gradle.launcher.daemon.protocol.Build
2023-10-25T17:13:03.334+0530 [DEBUG] [org.gradle.launcher.daemon.server.DefaultDaemonConnection] thread 40: Received non-IO message from client: Build{id=9df4e290-c6de-4943-bb28-df2523619c5d, currentDir=C:\Users\HP\AndroidStudioProjects\soundlyspotify}
2023-10-25T17:13:03.334+0530 [INFO] [org.gradle.launcher.daemon.server.DefaultIncomingConnectionHandler] Received command: Build{id=9df4e290-c6de-4943-bb28-df2523619c5d, currentDir=C:\Users\HP\AndroidStudioProjects\soundlyspotify}.
2023-10-25T17:13:03.334+0530 [DEBUG] [org.gradle.launcher.daemon.server.DefaultIncomingConnectionHandler] Starting executing command: Build{id=9df4e290-c6de-4943-bb28-df2523619c5d, currentDir=C:\Users\HP\AndroidStudioProjects\soundlyspotify} with connection: socket connection from /127.0.0.1:59398 to /127.0.0.1:59399.
2023-10-25T17:13:03.336+0530 [DEBUG] [org.gradle.launcher.daemon.server.DaemonStateCoordinator] Command execution: started DaemonCommandExecution[command = Build{id=9df4e290-c6de-4943-bb28-df2523619c5d, currentDir=C:\Users\HP\AndroidStudioProjects\soundlyspotify}, connection = DefaultDaemonConnection: socket connection from /127.0.0.1:59398 to /127.0.0.1:59399] after 0.0 minutes of idle
2023-10-25T17:13:03.337+0530 [INFO] [org.gradle.launcher.daemon.server.DaemonRegistryUpdater] Marking the daemon as busy, address: [d6067391-75ff-4a61-b9b9-d9b0e49c0cfb port:59398, addresses:[localhost/127.0.0.1]]
2023-10-25T17:13:03.337+0530 [DEBUG] [org.gradle.launcher.daemon.registry.PersistentDaemonRegistry] Marking busy by address: [d6067391-75ff-4a61-b9b9-d9b0e49c0cfb port:59398, addresses:[localhost/127.0.0.1]]
2023-10-25T17:13:03.344+0530 [DEBUG] [org.gradle.cache.internal.DefaultFileLockManager] Waiting to acquire exclusive lock on daemon addresses registry.
2023-10-25T17:13:03.344+0530 [DEBUG] [org.gradle.cache.internal.DefaultFileLockManager] Lock acquired on daemon addresses registry.
2023-10-25T17:13:03.354+0530 [DEBUG] [org.gradle.cache.internal.DefaultFileLockManager] Releasing lock on daemon addresses registry.
2023-10-25T17:13:03.355+0530 [DEBUG] [org.gradle.launcher.daemon.server.DaemonStateCoordinator] resetting idle timer
2023-10-25T17:13:03.355+0530 [DEBUG] [org.gradle.launcher.daemon.server.DaemonStateCoordinator] daemon is running. Sleeping until state changes.
2023-10-25T17:13:03.355+0530 [INFO] [org.gradle.launcher.daemon.server.exec.StartBuildOrRespondWithBusy] Daemon is about to start building Build{id=9df4e290-c6de-4943-bb28-df2523619c5d, currentDir=C:\Users\HP\AndroidStudioProjects\soundlyspotify}. Dispatching build started information...
2023-10-25T17:13:03.356+0530 [DEBUG] [org.gradle.launcher.daemon.server.SynchronizedDispatchConnection] thread 42: dispatching org.gradle.launcher.daemon.protocol.BuildStarted@694b91b3
2023-10-25T17:13:03.357+0530 [DEBUG] [org.gradle.launcher.daemon.server.exec.EstablishBuildEnvironment] Configuring env variables: [USERDOMAIN_ROAMINGPROFILE, PROCESSOR_LEVEL, RegionCode, SESSIONNAME, ALLUSERSPROFILE, PROCESSOR_ARCHITECTURE, ANDROID_HOME, PSModulePath, SystemDrive, USERNAME, ProgramFiles(x86), PATHEXT, DriverData, OneDriveConsumer, platformcode, ProgramData, ProgramW6432, HOMEPATH, PROCESSOR_IDENTIFIER, ProgramFiles, PUBLIC, windir, EFC_11620, =::, ZES_ENABLE_SYSMAN, LOCALAPPDATA, ChocolateyLastPathUpdate, USERDOMAIN, LOGONSERVER, JAVA_HOME, OneDrive, APPDATA, ChocolateyInstall, CommonProgramFiles, Path, OS, COMPUTERNAME, OnlineServices, PROCESSOR_REVISION, CommonProgramW6432, ComSpec, TEMP, SystemRoot, HOMEDRIVE, USERPROFILE, TMP, CommonProgramFiles(x86), NUMBER_OF_PROCESSORS, IDEA_INITIAL_DIRECTORY]
2023-10-25T17:13:03.359+0530 [DEBUG] [org.gradle.launcher.daemon.server.SynchronizedDispatchConnection] thread 40: received class org.gradle.launcher.daemon.protocol.CloseInput
2023-10-25T17:13:03.359+0530 [DEBUG] [org.gradle.launcher.daemon.server.DefaultDaemonConnection] thread 40: Received IO message from client: org.gradle.launcher.daemon.protocol.CloseInput@891efb3
2023-10-25T17:13:03.362+0530 [DEBUG] [org.gradle.launcher.daemon.server.exec.LogToClient] About to start relaying all logs to the client via the connection.
2023-10-25T17:13:03.362+0530 [INFO] [org.gradle.launcher.daemon.server.exec.LogToClient] The client will now receive all logging from the daemon (pid: 9156). The daemon log file: C:\Users\HP\AndroidStudioProjects\soundlyspotify\app\src\main\res\drawable\daemon\8.0\daemon-9156.out.log
2023-10-25T17:13:03.365+0530 [INFO] [org.gradle.launcher.daemon.server.exec.LogAndCheckHealth] Starting build in new daemon [memory: 2 GiB]
2023-10-25T17:13:03.366+0530 [INFO] [org.gradle.launcher.daemon.server.exec.ForwardClientInput] Closing daemon's stdin at end of input.
2023-10-25T17:13:03.366+0530 [INFO] [org.gradle.launcher.daemon.server.exec.ForwardClientInput] The daemon will no longer process any standard input.
2023-10-25T17:13:03.370+0530 [DEBUG] [org.gradle.launcher.daemon.server.exec.ExecuteBuild] The daemon has started executing the build.
2023-10-25T17:13:03.370+0530 [DEBUG] [org.gradle.launcher.daemon.server.exec.ExecuteBuild] Executing build with daemon context: DefaultDaemonContext[uid=95b82cfa-3779-4512-ac62-c97c534c6864,javaHome=C:\Users\HP\.jdks\openjdk-21.0.1,daemonRegistryDir=C:\Users\HP\AndroidStudioProjects\soundlyspotify\app\src\main\res\drawable\daemon,pid=9156,idleTimeout=10800000,priority=NORMAL,daemonOpts=--add-opens=java.base/java.util=ALL-UNNAMED,--add-opens=java.base/java.lang=ALL-UNNAMED,--add-opens=java.base/java.lang.invoke=ALL-UNNAMED,--add-opens=java.prefs/java.util.prefs=ALL-UNNAMED,--add-opens=java.base/java.nio.charset=ALL-UNNAMED,--add-opens=java.base/java.net=ALL-UNNAMED,--add-opens=java.base/java.util.concurrent.atomic=ALL-UNNAMED,-Xmx2048m,-Dfile.encoding=UTF-8,-Duser.country=IN,-Duser.language=en,-Duser.variant]

BUILD SUCCESSFUL in 21s
2023-10-25T17:13:20.288+0530 [DEBUG] [org.gradle.launcher.daemon.server.exec.ExecuteBuild] The daemon has finished executing the build.
2023-10-25T17:13:20.306+0530 [DEBUG] [org.gradle.launcher.daemon.server.DaemonStateCoordinator] daemon is running. Sleeping until state changes.
2023-10-25T17:13:20.306+0530 [DEBUG] [org.gradle.launcher.daemon.server.DaemonStateCoordinator] Command execution: finished waiting for DaemonCommandExecution[command = Build{id=9df4e290-c6de-4943-bb28-df2523619c5d, currentDir=C:\Users\HP\AndroidStudioProjects\soundlyspotify}, connection = DefaultDaemonConnection: socket connection from /127.0.0.1:59398 to /127.0.0.1:59399]. Result org.gradle.launcher.daemon.server.DaemonStateCoordinator@5f52813c with state Busy
2023-10-25T17:13:20.307+0530 [DEBUG] [org.gradle.launcher.daemon.server.DaemonStateCoordinator] Command execution: completed DaemonCommandExecution[command = Build{id=9df4e290-c6de-4943-bb28-df2523619c5d, currentDir=C:\Users\HP\AndroidStudioProjects\soundlyspotify}, connection = DefaultDaemonConnection: socket connection from /127.0.0.1:59398 to /127.0.0.1:59399]
2023-10-25T17:13:20.307+0530 [DEBUG] [org.gradle.launcher.daemon.server.DaemonStateCoordinator] resetting idle timer
2023-10-25T17:13:20.307+0530 [INFO] [org.gradle.launcher.daemon.server.DaemonRegistryUpdater] Marking the daemon as idle, address: [d6067391-75ff-4a61-b9b9-d9b0e49c0cfb port:59398, addresses:[localhost/127.0.0.1]]
2023-10-25T17:13:20.308+0530 [DEBUG] [org.gradle.launcher.daemon.registry.PersistentDaemonRegistry] Marking busy by address: [d6067391-75ff-4a61-b9b9-d9b0e49c0cfb port:59398, addresses:[localhost/127.0.0.1]]
2023-10-25T17:13:20.309+0530 [DEBUG] [org.gradle.cache.internal.DefaultFileLockManager] Waiting to acquire exclusive lock on daemon addresses registry.
2023-10-25T17:13:20.310+0530 [DEBUG] [org.gradle.cache.internal.DefaultFileLockManager] Lock acquired on daemon addresses registry.
2023-10-25T17:13:20.312+0530 [DEBUG] [org.gradle.cache.internal.DefaultFileLockManager] Releasing lock on daemon addresses registry.
2023-10-25T17:13:20.312+0530 [DEBUG] [org.gradle.launcher.daemon.server.DaemonStateCoordinator] daemon is running. Sleeping until state changes.
2023-10-25T17:13:20.313+0530 [DEBUG] [org.gradle.launcher.daemon.server.exec.ReturnResult] Daemon is dispatching the build result: Success[value=org.gradle.launcher.exec.BuildActionResult@7d0e137a]
2023-10-25T17:13:20.313+0530 [DEBUG] [org.gradle.launcher.daemon.server.SynchronizedDispatchConnection] thread 39: dispatching Success[value=org.gradle.launcher.exec.BuildActionResult@7d0e137a]
2023-10-25T17:13:20.314+0530 [DEBUG] [org.gradle.launcher.daemon.server.DefaultIncomingConnectionHandler] Finishing executing command: Build{id=9df4e290-c6de-4943-bb28-df2523619c5d, currentDir=C:\Users\HP\AndroidStudioProjects\soundlyspotify}
2023-10-25T17:13:20.316+0530 [DEBUG] [org.gradle.launcher.daemon.server.SynchronizedDispatchConnection] thread 40: received class org.gradle.launcher.daemon.protocol.Finished
2023-10-25T17:13:20.317+0530 [DEBUG] [org.gradle.launcher.daemon.server.DefaultDaemonConnection] thread 40: Received non-IO message from client: org.gradle.launcher.daemon.protocol.Finished@487e8617
2023-10-25T17:13:20.317+0530 [DEBUG] [org.gradle.launcher.daemon.server.DefaultIncomingConnectionHandler] Received finished message: org.gradle.launcher.daemon.protocol.Finished@487e8617
2023-10-25T17:13:20.317+0530 [DEBUG] [org.gradle.launcher.daemon.server.SynchronizedDispatchConnection] thread 39: stopping connection
2023-10-25T17:13:20.318+0530 [DEBUG] [org.gradle.internal.remote.internal.inet.SocketConnection] Discarding EOFException: java.io.EOFException
2023-10-25T17:13:20.318+0530 [DEBUG] [org.gradle.launcher.daemon.server.SynchronizedDispatchConnection] thread 40: received null
2023-10-25T17:13:20.318+0530 [DEBUG] [org.gradle.launcher.daemon.server.DefaultDaemonConnection] thread 40: Received end-of-input from client.
2023-10-25T17:13:20.319+0530 [DEBUG] [org.gradle.launcher.daemon.server.SynchronizedDispatchConnection] thread 39: stopping connection
2023-10-25T17:13:23.272+0530 [DEBUG] [org.gradle.cache.internal.DefaultFileLockManager] Waiting to acquire shared lock on daemon addresses registry.
2023-10-25T17:13:23.272+0530 [DEBUG] [org.gradle.cache.internal.DefaultFileLockManager] Lock acquired on daemon addresses registry.
2023-10-25T17:13:23.284+0530 [DEBUG] [org.gradle.cache.internal.DefaultFileLockManager] Releasing lock on daemon addresses registry.
2023-10-25T17:13:23.287+0530 [DEBUG] [org.gradle.cache.internal.DefaultFileLockManager] Waiting to acquire shared lock on daemon addresses registry.
2023-10-25T17:13:23.288+0530 [DEBUG] [org.gradle.cache.internal.DefaultFileLockManager] Lock acquired on daemon addresses registry.
2023-10-25T17:13:23.288+0530 [DEBUG] [org.gradle.cache.internal.DefaultFileLockManager] Releasing lock on daemon addresses registry.
2023-10-25T17:13:24.648+0530 [DEBUG] [org.gradle.process.internal.health.memory.DefaultMemoryManager] 824516608 memory requested, 183545856 free
2023-10-25T17:13:24.648+0530 [DEBUG] [org.gradle.workers.internal.WorkerDaemonExpiration] Will attempt to release 786 of memory
2023-10-25T17:13:24.648+0530 [DEBUG] [org.gradle.process.internal.health.memory.DefaultMemoryManager] 824516608 memory requested, 0 released, 183545856 free
2023-10-25T17:13:29.636+0530 [DEBUG] [org.gradle.process.internal.health.memory.DefaultMemoryManager] 824516608 memory requested, 129179648 free
2023-10-25T17:13:29.636+0530 [DEBUG] [org.gradle.workers.internal.WorkerDaemonExpiration] Will attempt to release 786 of memory
2023-10-25T17:13:29.636+0530 [DEBUG] [org.gradle.process.internal.health.memory.DefaultMemoryManager] 824516608 memory requested, 0 released, 129179648 free
2023-10-25T17:13:33.261+0530 [DEBUG] [org.gradle.cache.internal.DefaultFileLockManager] Waiting to acquire shared lock on daemon addresses registry.
2023-10-25T17:13:33.262+0530 [DEBUG] [org.gradle.cache.internal.DefaultFileLockManager] Lock acquired on daemon addresses registry.
2023-10-25T17:13:33.262+0530 [DEBUG] [org.gradle.cache.internal.DefaultFileLockManager] Releasing lock on daemon addresses registry.
2023-10-25T17:13:33.263+0530 [DEBUG] [org.gradle.cache.internal.DefaultFileLockManager] Waiting to acquire shared lock on daemon addresses registry.
2023-10-25T17:13:33.264+0530 [DEBUG] [org.gradle.cache.internal.DefaultFileLockManager] Lock acquired on daemon addresses registry.
2023-10-25T17:13:33.264+0530 [DEBUG] [org.gradle.cache.internal.DefaultFileLockManager] Releasing lock on daemon addresses registry.
2023-10-25T17:13:33.266+0530 [DEBUG] [org.gradle.cache.internal.DefaultFileLockManager] Waiting to acquire shared lock on daemon addresses registry.
2023-10-25T17:13:33.266+0530 [DEBUG] [org.gradle.cache.internal.DefaultFileLockManager] Lock acquired on daemon addresses registry.
2023-10-25T17:13:33.267+0530 [DEBUG] [org.gradle.cache.internal.DefaultFileLockManager] Releasing lock on daemon addresses registry.
2023-10-25T17:13:34.647+0530 [DEBUG] [org.gradle.process.internal.health.memory.DefaultMemoryManager] 824516608 memory requested, 223973376 free
2023-10-25T17:13:34.647+0530 [DEBUG] [org.gradle.workers.internal.WorkerDaemonExpiration] Will attempt to release 786 of memory
2023-10-25T17:13:34.647+0530 [DEBUG] [org.gradle.process.internal.health.memory.DefaultMemoryManager] 824516608 memory requested, 0 released, 223973376 free
2023-10-25T17:13:39.634+0530 [DEBUG] [org.gradle.process.internal.health.memory.DefaultMemoryManager] 824516608 memory requested, 195289088 free
2023-10-25T17:13:39.634+0530 [DEBUG] [org.gradle.workers.internal.WorkerDaemonExpiration] Will attempt to release 786 of memory
2023-10-25T17:13:39.635+0530 [DEBUG] [org.gradle.process.internal.health.memory.DefaultMemoryManager] 824516608 memory requested, 0 released, 195289088 free
2023-10-25T17:13:43.281+0530 [DEBUG] [org.gradle.cache.internal.DefaultFileLockManager] Waiting to acquire shared lock on daemon addresses registry.
2023-10-25T17:13:43.283+0530 [DEBUG] [org.gradle.cache.internal.DefaultFileLockManager] Lock acquired on daemon addresses registry.
2023-10-25T17:13:43.284+0530 [DEBUG] [org.gradle.cache.internal.DefaultFileLockManager] Releasing lock on daemon addresses registry.
2023-10-25T17:13:43.294+0530 [DEBUG] [org.gradle.cache.internal.DefaultFileLockManager] Waiting to acquire shared lock on daemon addresses registry.
2023-10-25T17:13:43.296+0530 [DEBUG] [org.gradle.cache.internal.DefaultFileLockManager] Lock acquired on daemon addresses registry.
2023-10-25T17:13:43.298+0530 [DEBUG] [org.gradle.cache.internal.DefaultFileLockManager] Releasing lock on daemon addresses registry.
2023-10-25T17:13:43.310+0530 [DEBUG] [org.gradle.cache.internal.DefaultFileLockManager] Waiting to acquire shared lock on daemon addresses registry.
2023-10-25T17:13:43.310+0530 [DEBUG] [org.gradle.cache.internal.DefaultFileLockManager] Lock acquired on daemon addresses registry.
2023-10-25T17:13:43.314+0530 [DEBUG] [org.gradle.cache.internal.DefaultFileLockManager] Releasing lock on daemon addresses registry.
2023-10-25T17:13:44.635+0530 [DEBUG] [org.gradle.process.internal.health.memory.DefaultMemoryManager] 824516608 memory requested, 137789440 free
2023-10-25T17:13:44.635+0530 [DEBUG] [org.gradle.workers.internal.WorkerDaemonExpiration] Will attempt to release 786 of memory
2023-10-25T17:13:44.635+0530 [DEBUG] [org.gradle.process.internal.health.memory.DefaultMemoryManager] 824516608 memory requested, 0 released, 137789440 free
2023-10-25T17:13:49.646+0530 [DEBUG] [org.gradle.process.internal.health.memory.DefaultMemoryManager] 824516608 memory requested, 170319872 free
2023-10-25T17:13:49.646+0530 [DEBUG] [org.gradle.workers.internal.WorkerDaemonExpiration] Will attempt to release 786 of memory
2023-10-25T17:13:49.647+0530 [DEBUG] [org.gradle.process.internal.health.memory.DefaultMemoryManager] 824516608 memory requested, 0 released, 170319872 free
2023-10-25T17:13:53.258+0530 [DEBUG] [org.gradle.cache.internal.DefaultFileLockManager] Waiting to acquire shared lock on daemon addresses registry.
2023-10-25T17:13:53.259+0530 [DEBUG] [org.gradle.cache.internal.DefaultFileLockManager] Lock acquired on daemon addresses registry.
2023-10-25T17:13:53.260+0530 [DEBUG] [org.gradle.cache.internal.DefaultFileLockManager] Releasing lock on daemon addresses registry.
2023-10-25T17:13:53.264+0530 [DEBUG] [org.gradle.cache.internal.DefaultFileLockManager] Waiting to acquire shared lock on daemon addresses registry.
2023-10-25T17:13:53.264+0530 [DEBUG] [org.gradle.cache.internal.DefaultFileLockManager] Lock acquired on daemon addresses registry.
2023-10-25T17:13:53.266+0530 [DEBUG] [org.gradle.cache.internal.DefaultFileLockManager] Releasing lock on daemon addresses registry.
2023-10-25T17:13:53.278+0530 [DEBUG] [org.gradle.cache.internal.DefaultFileLockManager] Waiting to acquire shared lock on daemon addresses registry.
2023-10-25T17:13:53.281+0530 [DEBUG] [org.gradle.cache.internal.DefaultFileLockManager] Lock acquired on daemon addresses registry.
2023-10-25T17:13:53.282+0530 [DEBUG] [org.gradle.cache.internal.DefaultFileLockManager] Releasing lock on daemon addresses registry.
2023-10-25T17:13:54.634+0530 [DEBUG] [org.gradle.process.internal.health.memory.DefaultMemoryManager] 824516608 memory requested, 161677312 free
2023-10-25T17:13:54.635+0530 [DEBUG] [org.gradle.workers.internal.WorkerDaemonExpiration] Will attempt to release 786 of memory
2023-10-25T17:13:54.636+0530 [DEBUG] [org.gradle.process.internal.health.memory.DefaultMemoryManager] 824516608 memory requested, 0 released, 161677312 free
2023-10-25T17:13:59.634+0530 [DEBUG] [org.gradle.process.internal.health.memory.DefaultMemoryManager] 824516608 memory requested, 126492672 free
2023-10-25T17:13:59.635+0530 [DEBUG] [org.gradle.workers.internal.WorkerDaemonExpiration] Will attempt to release 786 of memory
2023-10-25T17:13:59.635+0530 [DEBUG] [org.gradle.process.internal.health.memory.DefaultMemoryManager] 824516608 memory requested, 0 released, 126492672 free
2023-10-25T17:14:03.263+0530 [DEBUG] [org.gradle.cache.internal.DefaultFileLockManager] Waiting to acquire shared lock on daemon addresses registry.
2023-10-25T17:14:03.263+0530 [DEBUG] [org.gradle.cache.internal.DefaultFileLockManager] Lock acquired on daemon addresses registry.
2023-10-25T17:14:03.264+0530 [DEBUG] [org.gradle.cache.internal.DefaultFileLockManager] Releasing lock on daemon addresses registry.
2023-10-25T17:14:03.270+0530 [DEBUG] [org.gradle.cache.internal.DefaultFileLockManager] Waiting to acquire shared lock on daemon addresses registry.
2023-10-25T17:14:03.271+0530 [DEBUG] [org.gradle.cache.internal.DefaultFileLockManager] Lock acquired on daemon addresses registry.
2023-10-25T17:14:03.273+0530 [DEBUG] [org.gradle.cache.internal.DefaultFileLockManager] Releasing lock on daemon addresses registry.
2023-10-25T17:14:03.278+0530 [DEBUG] [org.gradle.cache.internal.DefaultFileLockManager] Waiting to acquire shared lock on daemon addresses registry.
2023-10-25T17:14:03.279+0530 [DEBUG] [org.gradle.cache.internal.DefaultFileLockManager] Lock acquired on daemon addresses registry.
2023-10-25T17:14:03.280+0530 [DEBUG] [org.gradle.cache.internal.DefaultFileLockManager] Releasing lock on daemon addresses registry.
2023-10-25T17:14:04.636+0530 [DEBUG] [org.gradle.process.internal.health.memory.DefaultMemoryManager] 824516608 memory requested, 151953408 free
2023-10-25T17:14:04.636+0530 [DEBUG] [org.gradle.workers.internal.WorkerDaemonExpiration] Will attempt to release 786 of memory
2023-10-25T17:14:04.636+0530 [DEBUG] [org.gradle.process.internal.health.memory.DefaultMemoryManager] 824516608 memory requested, 0 released, 151953408 free
2023-10-25T17:14:09.635+0530 [DEBUG] [org.gradle.process.internal.health.memory.DefaultMemoryManager] 824516608 memory requested, 136798208 free
2023-10-25T17:14:09.635+0530 [DEBUG] [org.gradle.workers.internal.WorkerDaemonExpiration] Will attempt to release 786 of memory
2023-10-25T17:14:09.635+0530 [DEBUG] [org.gradle.process.internal.health.memory.DefaultMemoryManager] 824516608 memory requested, 0 released, 136798208 free
2023-10-25T17:14:13.259+0530 [DEBUG] [org.gradle.cache.internal.DefaultFileLockManager] Waiting to acquire shared lock on daemon addresses registry.
2023-10-25T17:14:13.260+0530 [DEBUG] [org.gradle.cache.internal.DefaultFileLockManager] Lock acquired on daemon addresses registry.
2023-10-25T17:14:13.264+0530 [DEBUG] [org.gradle.cache.internal.DefaultFileLockManager] Releasing lock on daemon addresses registry.
2023-10-25T17:14:13.269+0530 [DEBUG] [org.gradle.cache.internal.DefaultFileLockManager] Waiting to acquire shared lock on daemon addresses registry.
2023-10-25T17:14:13.269+0530 [DEBUG] [org.gradle.cache.internal.DefaultFileLockManager] Lock acquired on daemon addresses registry.
2023-10-25T17:14:13.269+0530 [DEBUG] [org.gradle.cache.internal.DefaultFileLockManager] Releasing lock on daemon addresses registry.
2023-10-25T17:14:13.273+0530 [DEBUG] [org.gradle.cache.internal.DefaultFileLockManager] Waiting to acquire shared lock on daemon addresses registry.
2023-10-25T17:14:13.273+0530 [DEBUG] [org.gradle.cache.internal.DefaultFileLockManager] Lock acquired on daemon addresses registry.
2023-10-25T17:14:13.274+0530 [DEBUG] [org.gradle.cache.internal.DefaultFileLockManager] Releasing lock on daemon addresses registry.
2023-10-25T17:14:14.641+0530 [DEBUG] [org.gradle.process.internal.health.memory.DefaultMemoryManager] 824516608 memory requested, 146391040 free
2023-10-25T17:14:14.641+0530 [DEBUG] [org.gradle.workers.internal.WorkerDaemonExpiration] Will attempt to release 786 of memory
2023-10-25T17:14:14.641+0530 [DEBUG] [org.gradle.process.internal.health.memory.DefaultMemoryManager] 824516608 memory requested, 0 released, 146391040 free
2023-10-25T17:14:19.634+0530 [DEBUG] [org.gradle.process.internal.health.memory.DefaultMemoryManager] 824516608 memory requested, 78200832 free
2023-10-25T17:14:19.635+0530 [DEBUG] [org.gradle.workers.internal.WorkerDaemonExpiration] Will attempt to release 786 of memory
2023-10-25T17:14:19.635+0530 [DEBUG] [org.gradle.process.internal.health.memory.DefaultMemoryManager] 824516608 memory requested, 0 released, 78200832 free
2023-10-25T17:14:23.267+0530 [DEBUG] [org.gradle.cache.internal.DefaultFileLockManager] Waiting to acquire shared lock on daemon addresses registry.
2023-10-25T17:14:23.268+0530 [DEBUG] [org.gradle.cache.internal.DefaultFileLockManager] Lock acquired on daemon addresses registry.
2023-10-25T17:14:23.269+0530 [DEBUG] [org.gradle.cache.internal.DefaultFileLockManager] Releasing lock on daemon addresses registry.
2023-10-25T17:14:23.274+0530 [DEBUG] [org.gradle.cache.internal.DefaultFileLockManager] Waiting to acquire shared lock on daemon addresses registry.
2023-10-25T17:14:23.274+0530 [DEBUG] [org.gradle.cache.internal.DefaultFileLockManager] Lock acquired on daemon addresses registry.
2023-10-25T17:14:23.275+0530 [DEBUG] [org.gradle.cache.internal.DefaultFileLockManager] Releasing lock on daemon addresses registry.
2023-10-25T17:14:23.278+0530 [DEBUG] [org.gradle.cache.internal.DefaultFileLockManager] Waiting to acquire shared lock on daemon addresses registry.
2023-10-25T17:14:23.279+0530 [DEBUG] [org.gradle.cache.internal.DefaultFileLockManager] Lock acquired on daemon addresses registry.
2023-10-25T17:14:23.280+0530 [DEBUG] [org.gradle.cache.internal.DefaultFileLockManager] Releasing lock on daemon addresses registry.
2023-10-25T17:14:24.635+0530 [DEBUG] [org.gradle.process.internal.health.memory.DefaultMemoryManager] 824516608 memory requested, 344150016 free
2023-10-25T17:14:24.636+0530 [DEBUG] [org.gradle.workers.internal.WorkerDaemonExpiration] Will attempt to release 786 of memory
2023-10-25T17:14:24.637+0530 [DEBUG] [org.gradle.process.internal.health.memory.DefaultMemoryManager] 824516608 memory requested, 0 released, 344150016 free
2023-10-25T17:14:29.634+0530 [DEBUG] [org.gradle.process.internal.health.memory.DefaultMemoryManager] 824516608 memory requested, 457752576 free
2023-10-25T17:14:29.635+0530 [DEBUG] [org.gradle.workers.internal.WorkerDaemonExpiration] Will attempt to release 786 of memory
2023-10-25T17:14:29.635+0530 [DEBUG] [org.gradle.process.internal.health.memory.DefaultMemoryManager] 824516608 memory requested, 0 released, 457752576 free
2023-10-25T17:14:33.257+0530 [DEBUG] [org.gradle.cache.internal.DefaultFileLockManager] Waiting to acquire shared lock on daemon addresses registry.
2023-10-25T17:14:33.258+0530 [DEBUG] [org.gradle.cache.internal.DefaultFileLockManager] Lock acquired on daemon addresses registry.
2023-10-25T17:14:33.260+0530 [DEBUG] [org.gradle.cache.internal.DefaultFileLockManager] Releasing lock on daemon addresses registry.
2023-10-25T17:14:33.262+0530 [DEBUG] [org.gradle.cache.internal.DefaultFileLockManager] Waiting to acquire shared lock on daemon addresses registry.
2023-10-25T17:14:33.263+0530 [DEBUG] [org.gradle.cache.internal.DefaultFileLockManager] Lock acquired on daemon addresses registry.
2023-10-25T17:14:33.264+0530 [DEBUG] [org.gradle.cache.internal.DefaultFileLockManager] Releasing lock on daemon addresses registry.
2023-10-25T17:14:33.268+0530 [DEBUG] [org.gradle.cache.internal.DefaultFileLockManager] Waiting to acquire shared lock on daemon addresses registry.
2023-10-25T17:14:33.269+0530 [DEBUG] [org.gradle.cache.internal.DefaultFileLockManager] Lock acquired on daemon addresses registry.
2023-10-25T17:14:33.270+0530 [DEBUG] [org.gradle.cache.internal.DefaultFileLockManager] Releasing lock on daemon addresses registry.
2023-10-25T17:14:34.635+0530 [DEBUG] [org.gradle.process.internal.health.memory.DefaultMemoryManager] 824516608 memory requested, 431947776 free
2023-10-25T17:14:34.635+0530 [DEBUG] [org.gradle.workers.internal.WorkerDaemonExpiration] Will attempt to release 786 of memory
2023-10-25T17:14:34.635+0530 [DEBUG] [org.gradle.process.internal.health.memory.DefaultMemoryManager] 824516608 memory requested, 0 released, 431947776 free
2023-10-25T17:14:39.636+0530 [DEBUG] [org.gradle.process.internal.health.memory.DefaultMemoryManager] 824516608 memory requested, 417013760 free
2023-10-25T17:14:39.637+0530 [DEBUG] [org.gradle.workers.internal.WorkerDaemonExpiration] Will attempt to release 786 of memory
2023-10-25T17:14:39.637+0530 [DEBUG] [org.gradle.process.internal.health.memory.DefaultMemoryManager] 824516608 memory requested, 0 released, 417013760 free
2023-10-25T17:14:43.258+0530 [DEBUG] [org.gradle.cache.internal.DefaultFileLockManager] Waiting to acquire shared lock on daemon addresses registry.
2023-10-25T17:14:43.258+0530 [DEBUG] [org.gradle.cache.internal.DefaultFileLockManager] Lock acquired on daemon addresses registry.
2023-10-25T17:14:43.259+0530 [DEBUG] [org.gradle.cache.internal.DefaultFileLockManager] Releasing lock on daemon addresses registry.
2023-10-25T17:14:43.262+0530 [DEBUG] [org.gradle.cache.internal.DefaultFileLockManager] Waiting to acquire shared lock on daemon addresses registry.
2023-10-25T17:14:43.263+0530 [DEBUG] [org.gradle.cache.internal.DefaultFileLockManager] Lock acquired on daemon addresses registry.
2023-10-25T17:14:43.264+0530 [DEBUG] [org.gradle.cache.internal.DefaultFileLockManager] Releasing lock on daemon addresses registry.
2023-10-25T17:14:43.269+0530 [DEBUG] [org.gradle.cache.internal.DefaultFileLockManager] Waiting to acquire shared lock on daemon addresses registry.
2023-10-25T17:14:43.270+0530 [DEBUG] [org.gradle.cache.internal.DefaultFileLockManager] Lock acquired on daemon addresses registry.
2023-10-25T17:14:43.271+0530 [DEBUG] [org.gradle.cache.internal.DefaultFileLockManager] Releasing lock on daemon addresses registry.
2023-10-25T17:14:44.639+0530 [DEBUG] [org.gradle.process.internal.health.memory.DefaultMemoryManager] 824516608 memory requested, 364642304 free
2023-10-25T17:14:44.640+0530 [DEBUG] [org.gradle.workers.internal.WorkerDaemonExpiration] Will attempt to release 786 of memory
2023-10-25T17:14:44.641+0530 [DEBUG] [org.gradle.process.internal.health.memory.DefaultMemoryManager] 824516608 memory requested, 0 released, 364642304 free
2023-10-25T17:14:49.648+0530 [DEBUG] [org.gradle.process.internal.health.memory.DefaultMemoryManager] 824516608 memory requested, 297222144 free
2023-10-25T17:14:49.649+0530 [DEBUG] [org.gradle.workers.internal.WorkerDaemonExpiration] Will attempt to release 786 of memory
2023-10-25T17:14:49.649+0530 [DEBUG] [org.gradle.process.internal.health.memory.DefaultMemoryManager] 824516608 memory requested, 0 released, 297222144 free
2023-10-25T17:14:53.260+0530 [DEBUG] [org.gradle.cache.internal.DefaultFileLockManager] Waiting to acquire shared lock on daemon addresses registry.
2023-10-25T17:14:53.260+0530 [DEBUG] [org.gradle.cache.internal.DefaultFileLockManager] Lock acquired on daemon addresses registry.
2023-10-25T17:14:53.261+0530 [DEBUG] [org.gradle.cache.internal.DefaultFileLockManager] Releasing lock on daemon addresses registry.
2023-10-25T17:14:53.263+0530 [DEBUG] [org.gradle.cache.internal.DefaultFileLockManager] Waiting to acquire shared lock on daemon addresses registry.
2023-10-25T17:14:53.263+0530 [DEBUG] [org.gradle.cache.internal.DefaultFileLockManager] Lock acquired on daemon addresses registry.
2023-10-25T17:14:53.263+0530 [DEBUG] [org.gradle.cache.internal.DefaultFileLockManager] Releasing lock on daemon addresses registry.
2023-10-25T17:14:53.264+0530 [DEBUG] [org.gradle.cache.internal.DefaultFileLockManager] Waiting to acquire shared lock on daemon addresses registry.
2023-10-25T17:14:53.265+0530 [DEBUG] [org.gradle.cache.internal.DefaultFileLockManager] Lock acquired on daemon addresses registry.
2023-10-25T17:14:53.265+0530 [DEBUG] [org.gradle.cache.internal.DefaultFileLockManager] Releasing lock on daemon addresses registry.
2023-10-25T17:14:54.641+0530 [DEBUG] [org.gradle.process.internal.health.memory.DefaultMemoryManager] 824516608 memory requested, 298827776 free
2023-10-25T17:14:54.641+0530 [DEBUG] [org.gradle.workers.internal.WorkerDaemonExpiration] Will attempt to release 786 of memory
2023-10-25T17:14:54.641+0530 [DEBUG] [org.gradle.process.internal.health.memory.DefaultMemoryManager] 824516608 memory requested, 0 released, 298827776 free
2023-10-25T17:14:59.637+0530 [DEBUG] [org.gradle.process.internal.health.memory.DefaultMemoryManager] 824516608 memory requested, 238534656 free
2023-10-25T17:14:59.637+0530 [DEBUG] [org.gradle.workers.internal.WorkerDaemonExpiration] Will attempt to release 786 of memory
2023-10-25T17:14:59.637+0530 [DEBUG] [org.gradle.process.internal.health.memory.DefaultMemoryManager] 824516608 memory requested, 0 released, 238534656 free
2023-10-25T17:15:03.262+0530 [DEBUG] [org.gradle.cache.internal.DefaultFileLockManager] Waiting to acquire shared lock on daemon addresses registry.
2023-10-25T17:15:03.262+0530 [DEBUG] [org.gradle.cache.internal.DefaultFileLockManager] Lock acquired on daemon addresses registry.
2023-10-25T17:15:03.263+0530 [DEBUG] [org.gradle.cache.internal.DefaultFileLockManager] Releasing lock on daemon addresses registry.
2023-10-25T17:15:03.265+0530 [DEBUG] [org.gradle.cache.internal.DefaultFileLockManager] Waiting to acquire shared lock on daemon addresses registry.
2023-10-25T17:15:03.266+0530 [DEBUG] [org.gradle.cache.internal.DefaultFileLockManager] Lock acquired on daemon addresses registry.
2023-10-25T17:15:03.266+0530 [DEBUG] [org.gradle.cache.internal.DefaultFileLockManager] Releasing lock on daemon addresses registry.
2023-10-25T17:15:03.268+0530 [DEBUG] [org.gradle.cache.internal.DefaultFileLockManager] Waiting to acquire shared lock on daemon addresses registry.
2023-10-25T17:15:03.268+0530 [DEBUG] [org.gradle.cache.internal.DefaultFileLockManager] Lock acquired on daemon addresses registry.
2023-10-25T17:15:03.269+0530 [DEBUG] [org.gradle.cache.internal.DefaultFileLockManager] Releasing lock on daemon addresses registry.
2023-10-25T17:15:04.637+0530 [DEBUG] [org.gradle.process.internal.health.memory.DefaultMemoryManager] 824516608 memory requested, 284594176 free
2023-10-25T17:15:04.637+0530 [DEBUG] [org.gradle.workers.internal.WorkerDaemonExpiration] Will attempt to release 786 of memory
2023-10-25T17:15:04.638+0530 [DEBUG] [org.gradle.process.internal.health.memory.DefaultMemoryManager] 824516608 memory requested, 0 released, 284594176 free
2023-10-25T17:15:09.637+0530 [DEBUG] [org.gradle.process.internal.health.memory.DefaultMemoryManager] 824516608 memory requested, 300105728 free
2023-10-25T17:15:09.638+0530 [DEBUG] [org.gradle.workers.internal.WorkerDaemonExpiration] Will attempt to release 786 of memory
2023-10-25T17:15:09.638+0530 [DEBUG] [org.gradle.process.internal.health.memory.DefaultMemoryManager] 824516608 memory requested, 0 released, 300105728 free
2023-10-25T17:15:13.271+0530 [DEBUG] [org.gradle.cache.internal.DefaultFileLockManager] Waiting to acquire shared lock on daemon addresses registry.
2023-10-25T17:15:13.272+0530 [DEBUG] [org.gradle.cache.internal.DefaultFileLockManager] Lock acquired on daemon addresses registry.
2023-10-25T17:15:13.273+0530 [DEBUG] [org.gradle.cache.internal.DefaultFileLockManager] Releasing lock on daemon addresses registry.
2023-10-25T17:15:13.277+0530 [DEBUG] [org.gradle.cache.internal.DefaultFileLockManager] Waiting to acquire shared lock on daemon addresses registry.
2023-10-25T17:15:13.278+0530 [DEBUG] [org.gradle.cache.internal.DefaultFileLockManager] Lock acquired on daemon addresses registry.
2023-10-25T17:15:13.279+0530 [DEBUG] [org.gradle.cache.internal.DefaultFileLockManager] Releasing lock on daemon addresses registry.
2023-10-25T17:15:13.281+0530 [DEBUG] [org.gradle.cache.internal.DefaultFileLockManager] Waiting to acquire shared lock on daemon addresses registry.
2023-10-25T17:15:13.281+0530 [DEBUG] [org.gradle.cache.internal.DefaultFileLockManager] Lock acquired on daemon addresses registry.
2023-10-25T17:15:13.282+0530 [DEBUG] [org.gradle.cache.internal.DefaultFileLockManager] Releasing lock on daemon addresses registry.
2023-10-25T17:15:14.641+0530 [DEBUG] [org.gradle.process.internal.health.memory.DefaultMemoryManager] 824516608 memory requested, 391557120 free
2023-10-25T17:15:14.642+0530 [DEBUG] [org.gradle.workers.internal.WorkerDaemonExpiration] Will attempt to release 786 of memory
2023-10-25T17:15:14.642+0530 [DEBUG] [org.gradle.process.internal.health.memory.DefaultMemoryManager] 824516608 memory requested, 0 released, 391557120 free
2023-10-25T17:15:19.641+0530 [DEBUG] [org.gradle.process.internal.health.memory.DefaultMemoryManager] 824516608 memory requested, 679825408 free
2023-10-25T17:15:19.641+0530 [DEBUG] [org.gradle.workers.internal.WorkerDaemonExpiration] Will attempt to release 786 of memory
2023-10-25T17:15:19.641+0530 [DEBUG] [org.gradle.process.internal.health.memory.DefaultMemoryManager] 824516608 memory requested, 0 released, 679825408 free
2023-10-25T17:15:23.267+0530 [DEBUG] [org.gradle.cache.internal.DefaultFileLockManager] Waiting to acquire shared lock on daemon addresses registry.
2023-10-25T17:15:23.267+0530 [DEBUG] [org.gradle.cache.internal.DefaultFileLockManager] Lock acquired on daemon addresses registry.
2023-10-25T17:15:23.268+0530 [DEBUG] [org.gradle.cache.internal.DefaultFileLockManager] Releasing lock on daemon addresses registry.
2023-10-25T17:15:23.268+0530 [DEBUG] [org.gradle.cache.internal.DefaultFileLockManager] Waiting to acquire shared lock on daemon addresses registry.
2023-10-25T17:15:23.269+0530 [DEBUG] [org.gradle.cache.internal.DefaultFileLockManager] Lock acquired on daemon addresses registry.
2023-10-25T17:15:23.269+0530 [DEBUG] [org.gradle.cache.internal.DefaultFileLockManager] Releasing lock on daemon addresses registry.
2023-10-25T17:15:23.269+0530 [DEBUG] [org.gradle.cache.internal.DefaultFileLockManager] Waiting to acquire shared lock on daemon addresses registry.
2023-10-25T17:15:23.270+0530 [DEBUG] [org.gradle.cache.internal.DefaultFileLockManager] Lock acquired on daemon addresses registry.
2023-10-25T17:15:23.270+0530 [DEBUG] [org.gradle.cache.internal.DefaultFileLockManager] Releasing lock on daemon addresses registry.
2023-10-25T17:15:24.638+0530 [DEBUG] [org.gradle.process.internal.health.memory.DefaultMemoryManager] 824516608 memory requested, 597262336 free
2023-10-25T17:15:24.639+0530 [DEBUG] [org.gradle.workers.internal.WorkerDaemonExpiration] Will attempt to release 786 of memory
2023-10-25T17:15:24.639+0530 [DEBUG] [org.gradle.process.internal.health.memory.DefaultMemoryManager] 824516608 memory requested, 0 released, 597262336 free
2023-10-25T17:15:29.639+0530 [DEBUG] [org.gradle.process.internal.health.memory.DefaultMemoryManager] 824516608 memory requested, 524840960 free
2023-10-25T17:15:29.639+0530 [DEBUG] [org.gradle.workers.internal.WorkerDaemonExpiration] Will attempt to release 786 of memory
2023-10-25T17:15:29.640+0530 [DEBUG] [org.gradle.process.internal.health.memory.DefaultMemoryManager] 824516608 memory requested, 0 released, 524840960 free
2023-10-25T17:15:33.264+0530 [DEBUG] [org.gradle.cache.internal.DefaultFileLockManager] Waiting to acquire shared lock on daemon addresses registry.
2023-10-25T17:15:33.265+0530 [DEBUG] [org.gradle.cache.internal.DefaultFileLockManager] Lock acquired on daemon addresses registry.
2023-10-25T17:15:33.265+0530 [DEBUG] [org.gradle.cache.internal.DefaultFileLockManager] Releasing lock on daemon addresses registry.
2023-10-25T17:15:33.269+0530 [DEBUG] [org.gradle.cache.internal.DefaultFileLockManager] Waiting to acquire shared lock on daemon addresses registry.
2023-10-25T17:15:33.270+0530 [DEBUG] [org.gradle.cache.internal.DefaultFileLockManager] Lock acquired on daemon addresses registry.
2023-10-25T17:15:33.276+0530 [DEBUG] [org.gradle.cache.internal.DefaultFileLockManager] Releasing lock on daemon addresses registry.
2023-10-25T17:15:33.277+0530 [DEBUG] [org.gradle.cache.internal.DefaultFileLockManager] Waiting to acquire shared lock on daemon addresses registry.
2023-10-25T17:15:33.277+0530 [DEBUG] [org.gradle.cache.internal.DefaultFileLockManager] Lock acquired on daemon addresses registry.
2023-10-25T17:15:33.278+0530 [DEBUG] [org.gradle.cache.internal.DefaultFileLockManager] Releasing lock on daemon addresses registry.
2023-10-25T17:15:34.643+0530 [DEBUG] [org.gradle.process.internal.health.memory.DefaultMemoryManager] 824516608 memory requested, 460562432 free
2023-10-25T17:15:34.643+0530 [DEBUG] [org.gradle.workers.internal.WorkerDaemonExpiration] Will attempt to release 786 of memory
2023-10-25T17:15:34.643+0530 [DEBUG] [org.gradle.process.internal.health.memory.DefaultMemoryManager] 824516608 memory requested, 0 released, 460562432 free
2023-10-25T17:15:39.641+0530 [DEBUG] [org.gradle.process.internal.health.memory.DefaultMemoryManager] 824516608 memory requested, 533446656 free
2023-10-25T17:15:39.641+0530 [DEBUG] [org.gradle.workers.internal.WorkerDaemonExpiration] Will attempt to release 786 of memory
2023-10-25T17:15:39.641+0530 [DEBUG] [org.gradle.process.internal.health.memory.DefaultMemoryManager] 824516608 memory requested, 0 released, 533446656 free
2023-10-25T17:15:43.270+0530 [DEBUG] [org.gradle.cache.internal.DefaultFileLockManager] Waiting to acquire shared lock on daemon addresses registry.
2023-10-25T17:15:43.270+0530 [DEBUG] [org.gradle.cache.internal.DefaultFileLockManager] Lock acquired on daemon addresses registry.
2023-10-25T17:15:43.270+0530 [DEBUG] [org.gradle.cache.internal.DefaultFileLockManager] Releasing lock on daemon addresses registry.
2023-10-25T17:15:43.272+0530 [DEBUG] [org.gradle.cache.internal.DefaultFileLockManager] Waiting to acquire shared lock on daemon addresses registry.
2023-10-25T17:15:43.273+0530 [DEBUG] [org.gradle.cache.internal.DefaultFileLockManager] Lock acquired on daemon addresses registry.
2023-10-25T17:15:43.273+0530 [DEBUG] [org.gradle.cache.internal.DefaultFileLockManager] Releasing lock on daemon addresses registry.
2023-10-25T17:15:43.274+0530 [DEBUG] [org.gradle.cache.internal.DefaultFileLockManager] Waiting to acquire shared lock on daemon addresses registry.
2023-10-25T17:15:43.274+0530 [DEBUG] [org.gradle.cache.internal.DefaultFileLockManager] Lock acquired on daemon addresses registry.
2023-10-25T17:15:43.274+0530 [DEBUG] [org.gradle.cache.internal.DefaultFileLockManager] Releasing lock on daemon addresses registry.
2023-10-25T17:15:44.639+0530 [DEBUG] [org.gradle.process.internal.health.memory.DefaultMemoryManager] 824516608 memory requested, 534921216 free
2023-10-25T17:15:44.646+0530 [DEBUG] [org.gradle.workers.internal.WorkerDaemonExpiration] Will attempt to release 786 of memory
2023-10-25T17:15:44.646+0530 [DEBUG] [org.gradle.process.internal.health.memory.DefaultMemoryManager] 824516608 memory requested, 0 released, 534921216 free
2023-10-25T17:15:49.646+0530 [DEBUG] [org.gradle.process.internal.health.memory.DefaultMemoryManager] 824516608 memory requested, 570097664 free
2023-10-25T17:15:49.646+0530 [DEBUG] [org.gradle.workers.internal.WorkerDaemonExpiration] Will attempt to release 786 of memory
2023-10-25T17:15:49.646+0530 [DEBUG] [org.gradle.process.internal.health.memory.DefaultMemoryManager] 824516608 memory requested, 0 released, 570097664 free
2023-10-25T17:15:53.260+0530 [DEBUG] [org.gradle.cache.internal.DefaultFileLockManager] Waiting to acquire shared lock on daemon addresses registry.
2023-10-25T17:15:53.260+0530 [DEBUG] [org.gradle.cache.internal.DefaultFileLockManager] Lock acquired on daemon addresses registry.
2023-10-25T17:15:53.261+0530 [DEBUG] [org.gradle.cache.internal.DefaultFileLockManager] Releasing lock on daemon addresses registry.
2023-10-25T17:15:53.261+0530 [DEBUG] [org.gradle.cache.internal.DefaultFileLockManager] Waiting to acquire shared lock on daemon addresses registry.
2023-10-25T17:15:53.262+0530 [DEBUG] [org.gradle.cache.internal.DefaultFileLockManager] Lock acquired on daemon addresses registry.
2023-10-25T17:15:53.262+0530 [DEBUG] [org.gradle.cache.internal.DefaultFileLockManager] Releasing lock on daemon addresses registry.
2023-10-25T17:15:53.268+0530 [DEBUG] [org.gradle.cache.internal.DefaultFileLockManager] Waiting to acquire shared lock on daemon addresses registry.
2023-10-25T17:15:53.269+0530 [DEBUG] [org.gradle.cache.internal.DefaultFileLockManager] Lock acquired on daemon addresses registry.
2023-10-25T17:15:53.269+0530 [DEBUG] [org.gradle.cache.internal.DefaultFileLockManager] Releasing lock on daemon addresses registry.
2023-10-25T17:15:54.634+0530 [DEBUG] [org.gradle.process.internal.health.memory.DefaultMemoryManager] 824516608 memory requested, 557117440 free
2023-10-25T17:15:54.642+0530 [DEBUG] [org.gradle.workers.internal.WorkerDaemonExpiration] Will attempt to release 786 of memory
2023-10-25T17:15:54.642+0530 [DEBUG] [org.gradle.process.internal.health.memory.DefaultMemoryManager] 824516608 memory requested, 0 released, 557117440 free
2023-10-25T17:15:59.647+0530 [DEBUG] [org.gradle.process.internal.health.memory.DefaultMemoryManager] 824516608 memory requested, 519208960 free
2023-10-25T17:15:59.647+0530 [DEBUG] [org.gradle.workers.internal.WorkerDaemonExpiration] Will attempt to release 786 of memory
2023-10-25T17:15:59.648+0530 [DEBUG] [org.gradle.process.internal.health.memory.DefaultMemoryManager] 824516608 memory requested, 0 released, 519208960 free
2023-10-25T17:16:03.264+0530 [DEBUG] [org.gradle.cache.internal.DefaultFileLockManager] Waiting to acquire shared lock on daemon addresses registry.
2023-10-25T17:16:03.264+0530 [DEBUG] [org.gradle.cache.internal.DefaultFileLockManager] Lock acquired on daemon addresses registry.
2023-10-25T17:16:03.264+0530 [DEBUG] [org.gradle.cache.internal.DefaultFileLockManager] Releasing lock on daemon addresses registry.
2023-10-25T17:16:03.265+0530 [DEBUG] [org.gradle.cache.internal.DefaultFileLockManager] Waiting to acquire shared lock on daemon addresses registry.
2023-10-25T17:16:03.266+0530 [DEBUG] [org.gradle.cache.internal.DefaultFileLockManager] Lock acquired on daemon addresses registry.
2023-10-25T17:16:03.266+0530 [DEBUG] [org.gradle.cache.internal.DefaultFileLockManager] Releasing lock on daemon addresses registry.
2023-10-25T17:16:03.267+0530 [DEBUG] [org.gradle.cache.internal.DefaultFileLockManager] Waiting to acquire shared lock on daemon addresses registry.
2023-10-25T17:16:03.267+0530 [DEBUG] [org.gradle.cache.internal.DefaultFileLockManager] Lock acquired on daemon addresses registry.
2023-10-25T17:16:03.267+0530 [DEBUG] [org.gradle.cache.internal.DefaultFileLockManager] Releasing lock on daemon addresses registry.
2023-10-25T17:16:04.646+0530 [DEBUG] [org.gradle.process.internal.health.memory.DefaultMemoryManager] 824516608 memory requested, 401420288 free
2023-10-25T17:16:04.646+0530 [DEBUG] [org.gradle.workers.internal.WorkerDaemonExpiration] Will attempt to release 786 of memory
2023-10-25T17:16:04.646+0530 [DEBUG] [org.gradle.process.internal.health.memory.DefaultMemoryManager] 824516608 memory requested, 0 released, 401420288 free
2023-10-25T17:16:09.645+0530 [DEBUG] [org.gradle.process.internal.health.memory.DefaultMemoryManager] 824516608 memory requested, 385249280 free
2023-10-25T17:16:09.645+0530 [DEBUG] [org.gradle.workers.internal.WorkerDaemonExpiration] Will attempt to release 786 of memory
2023-10-25T17:16:09.652+0530 [DEBUG] [org.gradle.process.internal.health.memory.DefaultMemoryManager] 824516608 memory requested, 0 released, 385249280 free
2023-10-25T17:16:13.268+0530 [DEBUG] [org.gradle.cache.internal.DefaultFileLockManager] Waiting to acquire shared lock on daemon addresses registry.
2023-10-25T17:16:13.268+0530 [DEBUG] [org.gradle.cache.internal.DefaultFileLockManager] Lock acquired on daemon addresses registry.
2023-10-25T17:16:13.269+0530 [DEBUG] [org.gradle.cache.internal.DefaultFileLockManager] Releasing lock on daemon addresses registry.
2023-10-25T17:16:13.274+0530 [DEBUG] [org.gradle.cache.internal.DefaultFileLockManager] Waiting to acquire shared lock on daemon addresses registry.
2023-10-25T17:16:13.274+0530 [DEBUG] [org.gradle.cache.internal.DefaultFileLockManager] Lock acquired on daemon addresses registry.
2023-10-25T17:16:13.275+0530 [DEBUG] [org.gradle.cache.internal.DefaultFileLockManager] Releasing lock on daemon addresses registry.
2023-10-25T17:16:13.276+0530 [DEBUG] [org.gradle.cache.internal.DefaultFileLockManager] Waiting to acquire shared lock on daemon addresses registry.
2023-10-25T17:16:13.276+0530 [DEBUG] [org.gradle.cache.internal.DefaultFileLockManager] Lock acquired on daemon addresses registry.
2023-10-25T17:16:13.276+0530 [DEBUG] [org.gradle.cache.internal.DefaultFileLockManager] Releasing lock on daemon addresses registry.
2023-10-25T17:16:14.648+0530 [DEBUG] [org.gradle.process.internal.health.memory.DefaultMemoryManager] 824516608 memory requested, 336351232 free
2023-10-25T17:16:14.649+0530 [DEBUG] [org.gradle.workers.internal.WorkerDaemonExpiration] Will attempt to release 786 of memory
2023-10-25T17:16:14.650+0530 [DEBUG] [org.gradle.process.internal.health.memory.DefaultMemoryManager] 824516608 memory requested, 0 released, 336351232 free
2023-10-25T17:16:19.637+0530 [DEBUG] [org.gradle.process.internal.health.memory.DefaultMemoryManager] 824516608 memory requested, 325865472 free
2023-10-25T17:16:19.637+0530 [DEBUG] [org.gradle.workers.internal.WorkerDaemonExpiration] Will attempt to release 786 of memory
2023-10-25T17:16:19.638+0530 [DEBUG] [org.gradle.process.internal.health.memory.DefaultMemoryManager] 824516608 memory requested, 0 released, 325865472 free
2023-10-25T17:16:23.264+0530 [DEBUG] [org.gradle.cache.internal.DefaultFileLockManager] Waiting to acquire shared lock on daemon addresses registry.
2023-10-25T17:16:23.264+0530 [DEBUG] [org.gradle.cache.internal.DefaultFileLockManager] Lock acquired on daemon addresses registry.
2023-10-25T17:16:23.265+0530 [DEBUG] [org.gradle.cache.internal.DefaultFileLockManager] Releasing lock on daemon addresses registry.
2023-10-25T17:16:23.267+0530 [DEBUG] [org.gradle.cache.internal.DefaultFileLockManager] Waiting to acquire shared lock on daemon addresses registry.
2023-10-25T17:16:23.415+0530 [DEBUG] [org.gradle.cache.internal.DefaultFileLockManager] The file lock for daemon addresses registry is held by a different Gradle process (pid: 4896, lockId: -8286913803701677057). Pinged owner at port 61440
2023-10-25T17:16:23.419+0530 [DEBUG] [org.gradle.cache.internal.DefaultFileLockManager] Lock acquired on daemon addresses registry.
2023-10-25T17:16:23.420+0530 [DEBUG] [org.gradle.cache.internal.DefaultFileLockManager] Releasing lock on daemon addresses registry.
2023-10-25T17:16:23.427+0530 [DEBUG] [org.gradle.cache.internal.DefaultFileLockManager] Waiting to acquire shared lock on daemon addresses registry.
2023-10-25T17:16:23.427+0530 [DEBUG] [org.gradle.cache.internal.DefaultFileLockManager] Lock acquired on daemon addresses registry.
2023-10-25T17:16:23.428+0530 [DEBUG] [org.gradle.cache.internal.DefaultFileLockManager] Releasing lock on daemon addresses registry.
2023-10-25T17:16:23.782+0530 [DEBUG] [org.gradle.cache.internal.LockOnDemandCrossProcessCacheAccess] Lock on journal cache (C:\Users\HP\AndroidStudioProjects\soundlyspotify\app\src\main\res\drawable\caches\journal-1) requested by another process - releasing lock.
2023-10-25T17:16:23.784+0530 [DEBUG] [org.gradle.cache.internal.LockOnDemandCrossProcessCacheAccess] Releasing file lock for journal cache (C:\Users\HP\AndroidStudioProjects\soundlyspotify\app\src\main\res\drawable\caches\journal-1)
2023-10-25T17:16:23.791+0530 [DEBUG] [org.gradle.cache.internal.btree.BTreePersistentIndexedCache] Closing cache file-access.bin (C:\Users\HP\AndroidStudioProjects\soundlyspotify\app\src\main\res\drawable\caches\journal-1\file-access.bin)
2023-10-25T17:16:23.803+0530 [DEBUG] [org.gradle.cache.internal.DefaultFileLockManager] Releasing lock on journal cache (C:\Users\HP\AndroidStudioProjects\soundlyspotify\app\src\main\res\drawable\caches\journal-1).
2023-10-25T17:16:23.805+0530 [DEBUG] [org.gradle.cache.internal.locklistener.FileLockCommunicator] Confirming lock release to Gradle process at port 61440 for lock with id -5742562693808414356.
2023-10-25T17:16:23.805+0530 [DEBUG] [org.gradle.cache.internal.locklistener.FileLockCommunicator] Confirming lock release to Gradle process at port 61440 for lock with id -5742562693808414356.
2023-10-25T17:16:24.058+0530 [DEBUG] [org.gradle.cache.internal.LockOnDemandCrossProcessCacheAccess] Lock on file hash cache (C:\Users\HP\AndroidStudioProjects\soundlyspotify\app\src\main\res\drawable\caches\8.0\fileHashes) requested by another process - releasing lock.
2023-10-25T17:16:24.058+0530 [DEBUG] [org.gradle.cache.internal.LockOnDemandCrossProcessCacheAccess] Releasing file lock for file hash cache (C:\Users\HP\AndroidStudioProjects\soundlyspotify\app\src\main\res\drawable\caches\8.0\fileHashes)
2023-10-25T17:16:24.059+0530 [DEBUG] [org.gradle.cache.internal.btree.BTreePersistentIndexedCache] Closing cache fileHashes.bin (C:\Users\HP\AndroidStudioProjects\soundlyspotify\app\src\main\res\drawable\caches\8.0\fileHashes\fileHashes.bin)
2023-10-25T17:16:24.065+0530 [DEBUG] [org.gradle.cache.internal.btree.BTreePersistentIndexedCache] Closing cache resourceHashesCache.bin (C:\Users\HP\AndroidStudioProjects\soundlyspotify\app\src\main\res\drawable\caches\8.0\fileHashes\resourceHashesCache.bin)
2023-10-25T17:16:24.066+0530 [DEBUG] [org.gradle.cache.internal.DefaultFileLockManager] Releasing lock on file hash cache (C:\Users\HP\AndroidStudioProjects\soundlyspotify\app\src\main\res\drawable\caches\8.0\fileHashes).
2023-10-25T17:16:24.067+0530 [DEBUG] [org.gradle.cache.internal.locklistener.FileLockCommunicator] Confirming lock release to Gradle process at port 61440 for lock with id 4483515734901166630.
2023-10-25T17:16:24.068+0530 [DEBUG] [org.gradle.cache.internal.locklistener.FileLockCommunicator] Confirming lock release to Gradle process at port 61440 for lock with id 4483515734901166630.
2023-10-25T17:16:24.547+0530 [DEBUG] [org.gradle.cache.internal.LockOnDemandCrossProcessCacheAccess] Lock on jars (C:\Users\HP\AndroidStudioProjects\soundlyspotify\app\src\main\res\drawable\caches\jars-9) requested by another process - releasing lock.
2023-10-25T17:16:24.547+0530 [DEBUG] [org.gradle.cache.internal.LockOnDemandCrossProcessCacheAccess] Releasing file lock for jars (C:\Users\HP\AndroidStudioProjects\soundlyspotify\app\src\main\res\drawable\caches\jars-9)
2023-10-25T17:16:24.547+0530 [DEBUG] [org.gradle.cache.internal.DefaultFileLockManager] Releasing lock on jars (C:\Users\HP\AndroidStudioProjects\soundlyspotify\app\src\main\res\drawable\caches\jars-9).
2023-10-25T17:16:24.548+0530 [DEBUG] [org.gradle.cache.internal.locklistener.FileLockCommunicator] Confirming lock release to Gradle process at port 61440 for lock with id -321230107081440544.
2023-10-25T17:16:24.548+0530 [DEBUG] [org.gradle.cache.internal.locklistener.FileLockCommunicator] Confirming lock release to Gradle process at port 61440 for lock with id -321230107081440544.
2023-10-25T17:16:24.642+0530 [DEBUG] [org.gradle.process.internal.health.memory.DefaultMemoryManager] 824516608 memory requested, 173727744 free
2023-10-25T17:16:24.642+0530 [DEBUG] [org.gradle.workers.internal.WorkerDaemonExpiration] Will attempt to release 786 of memory
2023-10-25T17:16:24.642+0530 [DEBUG] [org.gradle.process.internal.health.memory.DefaultMemoryManager] 824516608 memory requested, 0 released, 173727744 free
2023-10-25T17:16:25.014+0530 [DEBUG] [org.gradle.cache.internal.LockOnDemandCrossProcessCacheAccess] Lock on file content cache (C:\Users\HP\AndroidStudioProjects\soundlyspotify\app\src\main\res\drawable\caches\8.0\fileContent) requested by another process - releasing lock.
2023-10-25T17:16:25.015+0530 [DEBUG] [org.gradle.cache.internal.LockOnDemandCrossProcessCacheAccess] Releasing file lock for file content cache (C:\Users\HP\AndroidStudioProjects\soundlyspotify\app\src\main\res\drawable\caches\8.0\fileContent)
2023-10-25T17:16:25.016+0530 [DEBUG] [org.gradle.cache.internal.DefaultFileLockManager] Releasing lock on file content cache (C:\Users\HP\AndroidStudioProjects\soundlyspotify\app\src\main\res\drawable\caches\8.0\fileContent).
2023-10-25T17:16:25.017+0530 [DEBUG] [org.gradle.cache.internal.locklistener.FileLockCommunicator] Confirming lock release to Gradle process at port 61440 for lock with id -1513896051167863158.
2023-10-25T17:16:25.017+0530 [DEBUG] [org.gradle.cache.internal.locklistener.FileLockCommunicator] Confirming lock release to Gradle process at port 61440 for lock with id -1513896051167863158.
2023-10-25T17:16:25.213+0530 [DEBUG] [org.gradle.cache.internal.LockOnDemandCrossProcessCacheAccess] Lock on execution history cache (C:\Users\HP\AndroidStudioProjects\soundlyspotify\app\src\main\res\drawable\caches\8.0\executionHistory) requested by another process - releasing lock.
2023-10-25T17:16:25.213+0530 [DEBUG] [org.gradle.cache.internal.LockOnDemandCrossProcessCacheAccess] Releasing file lock for execution history cache (C:\Users\HP\AndroidStudioProjects\soundlyspotify\app\src\main\res\drawable\caches\8.0\executionHistory)
2023-10-25T17:16:25.214+0530 [DEBUG] [org.gradle.cache.internal.btree.BTreePersistentIndexedCache] Closing cache executionHistory.bin (C:\Users\HP\AndroidStudioProjects\soundlyspotify\app\src\main\res\drawable\caches\8.0\executionHistory\executionHistory.bin)
2023-10-25T17:16:25.216+0530 [DEBUG] [org.gradle.cache.internal.DefaultFileLockManager] Releasing lock on execution history cache (C:\Users\HP\AndroidStudioProjects\soundlyspotify\app\src\main\res\drawable\caches\8.0\executionHistory).
2023-10-25T17:16:25.217+0530 [DEBUG] [org.gradle.cache.internal.locklistener.FileLockCommunicator] Confirming lock release to Gradle process at port 61440 for lock with id -8687467171390140481.
2023-10-25T17:16:25.217+0530 [DEBUG] [org.gradle.cache.internal.locklistener.FileLockCommunicator] Confirming lock release to Gradle process at port 61440 for lock with id -8687467171390140481.
2023-10-25T17:16:26.769+0530 [DEBUG] [org.gradle.cache.internal.LockOnDemandCrossProcessCacheAccess] Lock on kotlin-dsl (C:\Users\HP\AndroidStudioProjects\soundlyspotify\app\src\main\res\drawable\caches\8.0\kotlin-dsl) requested by another process - releasing lock.
2023-10-25T17:16:26.769+0530 [DEBUG] [org.gradle.cache.internal.LockOnDemandCrossProcessCacheAccess] Releasing file lock for kotlin-dsl (C:\Users\HP\AndroidStudioProjects\soundlyspotify\app\src\main\res\drawable\caches\8.0\kotlin-dsl)
2023-10-25T17:16:26.771+0530 [DEBUG] [org.gradle.cache.internal.btree.BTreePersistentIndexedCache] Closing cache executionHistory.bin (C:\Users\HP\AndroidStudioProjects\soundlyspotify\app\src\main\res\drawable\caches\8.0\kotlin-dsl\executionHistory.bin)
2023-10-25T17:16:26.774+0530 [DEBUG] [org.gradle.cache.internal.DefaultFileLockManager] Releasing lock on kotlin-dsl (C:\Users\HP\AndroidStudioProjects\soundlyspotify\app\src\main\res\drawable\caches\8.0\kotlin-dsl).
2023-10-25T17:16:26.775+0530 [DEBUG] [org.gradle.cache.internal.locklistener.FileLockCommunicator] Confirming lock release to Gradle process at port 61440 for lock with id -7494726637003752105.
2023-10-25T17:16:26.776+0530 [DEBUG] [org.gradle.cache.internal.locklistener.FileLockCommunicator] Confirming lock release to Gradle process at port 61440 for lock with id -7494726637003752105.
2023-10-25T17:16:26.876+0530 [DEBUG] [org.gradle.cache.internal.LockOnDemandCrossProcessCacheAccess] Lock on Generated Gradle JARs cache (C:\Users\HP\AndroidStudioProjects\soundlyspotify\app\src\main\res\drawable\caches\8.0\generated-gradle-jars) requested by another process - releasing lock.
2023-10-25T17:16:26.876+0530 [DEBUG] [org.gradle.cache.internal.LockOnDemandCrossProcessCacheAccess] Releasing file lock for Generated Gradle JARs cache (C:\Users\HP\AndroidStudioProjects\soundlyspotify\app\src\main\res\drawable\caches\8.0\generated-gradle-jars)
2023-10-25T17:16:26.876+0530 [DEBUG] [org.gradle.cache.internal.DefaultFileLockManager] Releasing lock on Generated Gradle JARs cache (C:\Users\HP\AndroidStudioProjects\soundlyspotify\app\src\main\res\drawable\caches\8.0\generated-gradle-jars).
2023-10-25T17:16:26.877+0530 [DEBUG] [org.gradle.cache.internal.locklistener.FileLockCommunicator] Confirming lock release to Gradle process at port 61440 for lock with id 1812686055057557486.
2023-10-25T17:16:26.877+0530 [DEBUG] [org.gradle.cache.internal.locklistener.FileLockCommunicator] Confirming lock release to Gradle process at port 61440 for lock with id 1812686055057557486.
2023-10-25T17:16:27.197+0530 [DEBUG] [org.gradle.internal.watch.vfs.impl.WatchingVirtualFileSystem] Handling VFS change MODIFIED C:\Users\HP\AndroidStudioProjects\soundlyspotify\app\src\main\res\drawable\caches\8.0\kotlin-dsl\scripts\b6e479b40d20ac81409fc45f49f0214d\classes\META-INF\buildscript.kotlin_module
2023-10-25T17:16:27.249+0530 [DEBUG] [org.gradle.internal.watch.vfs.impl.WatchingVirtualFileSystem] Handling VFS change REMOVED C:\Users\HP\AndroidStudioProjects\soundlyspotify\app\src\main\res\drawable\caches\8.0\kotlin-dsl\scripts\b6e479b40d20ac81409fc45f49f0214d\classes\META-INF
2023-10-25T17:16:27.250+0530 [DEBUG] [org.gradle.internal.watch.vfs.impl.WatchingVirtualFileSystem] Handling VFS change MODIFIED C:\Users\HP\AndroidStudioProjects\soundlyspotify\app\src\main\res\drawable\caches\8.0\kotlin-dsl\scripts\b6e479b40d20ac81409fc45f49f0214d\classes\Program.class
2023-10-25T17:16:27.251+0530 [DEBUG] [org.gradle.internal.watch.vfs.impl.WatchingVirtualFileSystem] Handling VFS change MODIFIED C:\Users\HP\AndroidStudioProjects\soundlyspotify\app\src\main\res\drawable\caches\8.0\kotlin-dsl\scripts\b6e479b40d20ac81409fc45f49f0214d\classes\Settings_gradle$1$1.class
2023-10-25T17:16:27.251+0530 [DEBUG] [org.gradle.internal.watch.vfs.impl.WatchingVirtualFileSystem] Handling VFS change MODIFIED C:\Users\HP\AndroidStudioProjects\soundlyspotify\app\src\main\res\drawable\caches\8.0\kotlin-dsl\scripts\b6e479b40d20ac81409fc45f49f0214d\classes\Settings_gradle$1.class
2023-10-25T17:16:27.252+0530 [DEBUG] [org.gradle.internal.watch.vfs.impl.WatchingVirtualFileSystem] Handling VFS change MODIFIED C:\Users\HP\AndroidStudioProjects\soundlyspotify\app\src\main\res\drawable\caches\8.0\kotlin-dsl\scripts\b6e479b40d20ac81409fc45f49f0214d\classes\Settings_gradle.class
2023-10-25T17:16:29.634+0530 [DEBUG] [org.gradle.process.internal.health.memory.DefaultMemoryManager] 824516608 memory requested, 186920960 free
2023-10-25T17:16:29.634+0530 [DEBUG] [org.gradle.workers.internal.WorkerDaemonExpiration] Will attempt to release 786 of memory
2023-10-25T17:16:29.635+0530 [DEBUG] [org.gradle.process.internal.health.memory.DefaultMemoryManager] 824516608 memory requested, 0 released, 186920960 free
2023-10-25T17:16:33.262+0530 [DEBUG] [org.gradle.cache.internal.DefaultFileLockManager] Waiting to acquire shared lock on daemon addresses registry.
2023-10-25T17:16:33.263+0530 [DEBUG] [org.gradle.cache.internal.DefaultFileLockManager] Lock acquired on daemon addresses registry.
2023-10-25T17:16:33.264+0530 [DEBUG] [org.gradle.cache.internal.DefaultFileLockManager] Releasing lock on daemon addresses registry.
2023-10-25T17:16:33.267+0530 [DEBUG] [org.gradle.cache.internal.DefaultFileLockManager] Waiting to acquire shared lock on daemon addresses registry.
2023-10-25T17:16:33.268+0530 [DEBUG] [org.gradle.cache.internal.DefaultFileLockManager] Lock acquired on daemon addresses registry.
2023-10-25T17:16:33.268+0530 [DEBUG] [org.gradle.cache.internal.DefaultFileLockManager] Releasing lock on daemon addresses registry.
2023-10-25T17:16:33.269+0530 [DEBUG] [org.gradle.cache.internal.DefaultFileLockManager] Waiting to acquire shared lock on daemon addresses registry.
2023-10-25T17:16:33.270+0530 [DEBUG] [org.gradle.cache.internal.DefaultFileLockManager] Lock acquired on daemon addresses registry.
2023-10-25T17:16:33.270+0530 [DEBUG] [org.gradle.cache.internal.DefaultFileLockManager] Releasing lock on daemon addresses registry.
2023-10-25T17:16:34.646+0530 [DEBUG] [org.gradle.process.internal.health.memory.DefaultMemoryManager] 824516608 memory requested, 133894144 free
2023-10-25T17:16:34.646+0530 [DEBUG] [org.gradle.workers.internal.WorkerDaemonExpiration] Will attempt to release 786 of memory
2023-10-25T17:16:34.646+0530 [DEBUG] [org.gradle.process.internal.health.memory.DefaultMemoryManager] 824516608 memory requested, 0 released, 133894144 free
2023-10-25T17:16:35.492+0530 [DEBUG] [org.gradle.internal.watch.vfs.impl.WatchingVirtualFileSystem] Handling VFS change MODIFIED C:\Users\HP\AndroidStudioProjects\soundlyspotify\app\src\main\res\drawable\caches\8.0\kotlin-dsl\scripts\00213f4f3d9510f9f06cd3a52c66abd3\classes\META-INF\buildscript.kotlin_module
2023-10-25T17:16:35.493+0530 [DEBUG] [org.gradle.internal.watch.vfs.impl.WatchingVirtualFileSystem] Handling VFS change REMOVED C:\Users\HP\AndroidStudioProjects\soundlyspotify\app\src\main\res\drawable\caches\8.0\kotlin-dsl\scripts\00213f4f3d9510f9f06cd3a52c66abd3\classes\META-INF
2023-10-25T17:16:35.493+0530 [DEBUG] [org.gradle.internal.watch.vfs.impl.WatchingVirtualFileSystem] Handling VFS change MODIFIED C:\Users\HP\AndroidStudioProjects\soundlyspotify\app\src\main\res\drawable\caches\8.0\kotlin-dsl\scripts\00213f4f3d9510f9f06cd3a52c66abd3\classes\Program.class
2023-10-25T17:16:35.494+0530 [DEBUG] [org.gradle.internal.watch.vfs.impl.WatchingVirtualFileSystem] Handling VFS change MODIFIED C:\Users\HP\AndroidStudioProjects\soundlyspotify\app\src\main\res\drawable\caches\8.0\kotlin-dsl\scripts\00213f4f3d9510f9f06cd3a52c66abd3\classes\Settings_gradle$1$1.class
2023-10-25T17:16:35.495+0530 [DEBUG] [org.gradle.internal.watch.vfs.impl.WatchingVirtualFileSystem] Handling VFS change MODIFIED C:\Users\HP\AndroidStudioProjects\soundlyspotify\app\src\main\res\drawable\caches\8.0\kotlin-dsl\scripts\00213f4f3d9510f9f06cd3a52c66abd3\classes\Settings_gradle$1.class
2023-10-25T17:16:35.496+0530 [DEBUG] [org.gradle.internal.watch.vfs.impl.WatchingVirtualFileSystem] Handling VFS change MODIFIED C:\Users\HP\AndroidStudioProjects\soundlyspotify\app\src\main\res\drawable\caches\8.0\kotlin-dsl\scripts\00213f4f3d9510f9f06cd3a52c66abd3\classes\Settings_gradle.class
2023-10-25T17:16:36.688+0530 [DEBUG] [org.gradle.internal.watch.vfs.impl.WatchingVirtualFileSystem] Handling VFS change MODIFIED C:\Users\HP\AndroidStudioProjects\soundlyspotify\app\src\main\res\drawable\caches\8.0\kotlin-dsl\scripts\cc9be3fcfe9f5fe6e58f58aaad68e76a\classes\Program.class
2023-10-25T17:16:36.881+0530 [DEBUG] [org.gradle.cache.internal.LockOnDemandCrossProcessCacheAccess] Lock on artifact cache (C:\Users\HP\AndroidStudioProjects\soundlyspotify\app\src\main\res\drawable\caches\modules-2) requested by another process - releasing lock.
2023-10-25T17:16:36.881+0530 [DEBUG] [org.gradle.cache.internal.LockOnDemandCrossProcessCacheAccess] Releasing file lock for artifact cache (C:\Users\HP\AndroidStudioProjects\soundlyspotify\app\src\main\res\drawable\caches\modules-2)
2023-10-25T17:16:36.884+0530 [DEBUG] [org.gradle.cache.internal.btree.BTreePersistentIndexedCache] Closing cache module-metadata.bin (C:\Users\HP\AndroidStudioProjects\soundlyspotify\app\src\main\res\drawable\caches\modules-2\metadata-2.100\module-metadata.bin)
2023-10-25T17:16:36.887+0530 [DEBUG] [org.gradle.cache.internal.btree.BTreePersistentIndexedCache] Closing cache module-artifact.bin (C:\Users\HP\AndroidStudioProjects\soundlyspotify\app\src\main\res\drawable\caches\modules-2\metadata-2.100\module-artifact.bin)
2023-10-25T17:16:36.888+0530 [DEBUG] [org.gradle.cache.internal.btree.BTreePersistentIndexedCache] Closing cache module-artifacts.bin (C:\Users\HP\AndroidStudioProjects\soundlyspotify\app\src\main\res\drawable\caches\modules-2\metadata-2.100\module-artifacts.bin)
2023-10-25T17:16:36.889+0530 [DEBUG] [org.gradle.cache.internal.DefaultFileLockManager] Releasing lock on artifact cache (C:\Users\HP\AndroidStudioProjects\soundlyspotify\app\src\main\res\drawable\caches\modules-2).
2023-10-25T17:16:36.890+0530 [DEBUG] [org.gradle.cache.internal.locklistener.FileLockCommunicator] Confirming lock release to Gradle process at port 61440 for lock with id -3031739630136066411.
2023-10-25T17:16:36.890+0530 [DEBUG] [org.gradle.cache.internal.locklistener.FileLockCommunicator] Confirming lock release to Gradle process at port 61440 for lock with id -3031739630136066411.
2023-10-25T17:16:39.636+0530 [DEBUG] [org.gradle.process.internal.health.memory.DefaultMemoryManager] 824516608 memory requested, 347566080 free
2023-10-25T17:16:39.636+0530 [DEBUG] [org.gradle.workers.internal.WorkerDaemonExpiration] Will attempt to release 786 of memory
2023-10-25T17:16:39.636+0530 [DEBUG] [org.gradle.process.internal.health.memory.DefaultMemoryManager] 824516608 memory requested, 0 released, 347566080 free
2023-10-25T17:16:43.270+0530 [DEBUG] [org.gradle.cache.internal.DefaultFileLockManager] Waiting to acquire shared lock on daemon addresses registry.
2023-10-25T17:16:43.270+0530 [DEBUG] [org.gradle.cache.internal.DefaultFileLockManager] Lock acquired on daemon addresses registry.
2023-10-25T17:16:43.281+0530 [DEBUG] [org.gradle.cache.internal.DefaultFileLockManager] Releasing lock on daemon addresses registry.
2023-10-25T17:16:43.294+0530 [DEBUG] [org.gradle.cache.internal.DefaultFileLockManager] Waiting to acquire shared lock on daemon addresses registry.
2023-10-25T17:16:43.295+0530 [DEBUG] [org.gradle.cache.internal.DefaultFileLockManager] Lock acquired on daemon addresses registry.
2023-10-25T17:16:43.295+0530 [DEBUG] [org.gradle.cache.internal.DefaultFileLockManager] Releasing lock on daemon addresses registry.
2023-10-25T17:16:43.303+0530 [INFO] [org.gradle.launcher.daemon.server.health.LowMemoryDaemonExpirationStrategy] after free system memory (331.4 MiB) fell below threshold of 393.1 MiB
2023-10-25T17:16:43.327+0530 [DEBUG] [org.gradle.cache.internal.DefaultFileLockManager] Waiting to acquire shared lock on daemon addresses registry.
2023-10-25T17:16:43.327+0530 [DEBUG] [org.gradle.cache.internal.DefaultFileLockManager] Lock acquired on daemon addresses registry.
2023-10-25T17:16:43.328+0530 [DEBUG] [org.gradle.cache.internal.DefaultFileLockManager] Releasing lock on daemon addresses registry.
2023-10-25T17:16:43.344+0530 [DEBUG] [org.gradle.launcher.daemon.server.DaemonRegistryUpdater] Storing daemon stop event: after being idle for 3 minutes and not recently used and to reclaim system memory
2023-10-25T17:16:43.345+0530 [DEBUG] [org.gradle.launcher.daemon.registry.PersistentDaemonRegistry] Storing daemon stop event with timestamp 1698234403349
2023-10-25T17:16:43.370+0530 [DEBUG] [org.gradle.cache.internal.DefaultFileLockManager] Waiting to acquire exclusive lock on daemon addresses registry.
2023-10-25T17:16:43.373+0530 [DEBUG] [org.gradle.cache.internal.DefaultFileLockManager] Lock acquired on daemon addresses registry.
2023-10-25T17:16:43.376+0530 [DEBUG] [org.gradle.cache.internal.DefaultFileLockManager] Releasing lock on daemon addresses registry.
2023-10-25T17:16:43.377+0530 [LIFECYCLE] [org.gradle.launcher.daemon.server.DaemonStateCoordinator] Daemon will be stopped at the end of the build after being idle for 3 minutes and not recently used and to reclaim system memory
2023-10-25T17:16:43.377+0530 [DEBUG] [org.gradle.launcher.daemon.server.DaemonStateCoordinator] Marking daemon stopped due to after being idle for 3 minutes and not recently used and to reclaim system memory. The daemon is running a build: false
2023-10-25T17:16:43.380+0530 [DEBUG] [org.gradle.launcher.daemon.server.DaemonStateCoordinator] daemon has stopped.
2023-10-25T17:16:43.381+0530 [DEBUG] [org.gradle.launcher.daemon.server.Daemon] stop() called on daemon
2023-10-25T17:16:43.381+0530 [INFO] [org.gradle.launcher.daemon.server.Daemon] Stop requested. Daemon is removing its presence from the registry...
2023-10-25T17:16:43.391+0530 [DEBUG] [org.gradle.launcher.daemon.server.DaemonRegistryUpdater] Removing our presence to clients, eg. removing this address from the registry: [d6067391-75ff-4a61-b9b9-d9b0e49c0cfb port:59398, addresses:[localhost/127.0.0.1]]
2023-10-25T17:16:43.394+0530 [DEBUG] [org.gradle.launcher.daemon.registry.PersistentDaemonRegistry] Removing daemon address: [d6067391-75ff-4a61-b9b9-d9b0e49c0cfb port:59398, addresses:[localhost/127.0.0.1]]
2023-10-25T17:16:43.411+0530 [DEBUG] [org.gradle.cache.internal.DefaultFileLockManager] Waiting to acquire exclusive lock on daemon addresses registry.
2023-10-25T17:16:43.412+0530 [DEBUG] [org.gradle.cache.internal.DefaultFileLockManager] Lock acquired on daemon addresses registry.
2023-10-25T17:16:43.430+0530 [DEBUG] [org.gradle.cache.internal.DefaultFileLockManager] Releasing lock on daemon addresses registry.
2023-10-25T17:16:43.431+0530 [DEBUG] [org.gradle.launcher.daemon.server.DaemonRegistryUpdater] Address removed from registry.
2023-10-25T17:16:43.463+0530 [DEBUG] [org.gradle.cache.internal.DefaultPersistentDirectoryStore] jars (C:\Users\HP\AndroidStudioProjects\soundlyspotify\app\src\main\res\drawable\caches\jars-9) has last been fully cleaned up 20 hours ago
2023-10-25T17:16:43.482+0530 [DEBUG] [org.gradle.cache.internal.LockOnDemandCrossProcessCacheAccess] Releasing file lock for Artifact transforms cache (C:\Users\HP\AndroidStudioProjects\soundlyspotify\app\src\main\res\drawable\caches\transforms-3)
2023-10-25T17:16:43.482+0530 [DEBUG] [org.gradle.cache.internal.DefaultFileLockManager] Releasing lock on Artifact transforms cache (C:\Users\HP\AndroidStudioProjects\soundlyspotify\app\src\main\res\drawable\caches\transforms-3).
2023-10-25T17:16:43.483+0530 [DEBUG] [org.gradle.cache.internal.DefaultPersistentDirectoryStore] Artifact transforms cache (C:\Users\HP\AndroidStudioProjects\soundlyspotify\app\src\main\res\drawable\caches\transforms-3) has last been fully cleaned up 20 hours ago
2023-10-25T17:16:43.488+0530 [DEBUG] [org.gradle.cache.internal.DefaultPersistentDirectoryStore] kotlin-dsl (C:\Users\HP\AndroidStudioProjects\soundlyspotify\app\src\main\res\drawable\caches\8.0\kotlin-dsl) has last been fully cleaned up 20 hours ago
2023-10-25T17:16:43.605+0530 [DEBUG] [org.gradle.internal.watch.vfs.impl.WatchingVirtualFileSystem] Closing VFS, dropping state
2023-10-25T17:16:43.689+0530 [DEBUG] [org.gradle.internal.watch.registry.impl.DefaultFileWatcherRegistry] Finished listening to file system change events
2023-10-25T17:16:43.691+0530 [DEBUG] [org.gradle.cache.internal.DefaultPersistentDirectoryStore] artifact cache (C:\Users\HP\AndroidStudioProjects\soundlyspotify\app\src\main\res\drawable\caches\modules-2) has last been fully cleaned up 20 hours ago
2023-10-25T17:16:43.786+0530 [DEBUG] [java.lang.Runtime] Runtime.exit() called with status: 0
java.lang.Throwable: Runtime.exit(0)
	at java.base/java.lang.Shutdown.logRuntimeExit(Shutdown.java:179)
	at java.base/java.lang.Shutdown.exit(Shutdown.java:160)
	at java.base/java.lang.Runtime.exit(Runtime.java:188)
	at java.base/java.lang.System.exit(System.java:1916)
	at org.gradle.launcher.bootstrap.ProcessCompleter.complete(ProcessCompleter.java:21)
	at org.gradle.launcher.bootstrap.EntryPoint.run(EntryPoint.java:59)
	at java.base/jdk.internal.reflect.DirectMethodHandleAccessor.invoke(DirectMethodHandleAccessor.java:103)
	at java.base/java.lang.reflect.Method.invoke(Method.java:580)
	at org.gradle.launcher.bootstrap.ProcessBootstrap.runNoExit(ProcessBootstrap.java:60)
	at org.gradle.launcher.bootstrap.ProcessBootstrap.run(ProcessBootstrap.java:37)
	at org.gradle.launcher.daemon.bootstrap.GradleDaemon.main(GradleDaemon.java:22)
2023-10-25T17:16:43.804+0530 [DEBUG] [org.gradle.launcher.daemon.registry.PersistentDaemonRegistry] Removing daemon address: [d6067391-75ff-4a61-b9b9-d9b0e49c0cfb port:59398, addresses:[localhost/127.0.0.1]]
Daemon vm is shutting down... The daemon has exited normally or was terminated in response to a user interrupt.
2023-10-25T17:16:43.816+0530 [DEBUG] [org.gradle.cache.internal.DefaultFileLockManager] Waiting to acquire exclusive lock on daemon addresses registry.
2023-10-25T17:16:43.817+0530 [DEBUG] [org.gradle.cache.internal.DefaultFileLockManager] Lock acquired on daemon addresses registry.
2023-10-25T17:16:43.827+0530 [DEBUG] [org.gradle.cache.internal.DefaultFileLockManager] Releasing lock on daemon addresses registry.
